<?xml version="1.0" encoding="UTF-8"?>
<coverage generated="1773210670102" clover="3.2.0">
  <project timestamp="1773210670103" name="All files">
    <metrics statements="377" coveredstatements="332" conditionals="203" coveredconditionals="143" methods="64" coveredmethods="58" elements="644" coveredelements="533" complexity="0" loc="377" ncloc="377" packages="2" files="2" classes="2"/>
    <package name="server.src">
      <metrics statements="370" coveredstatements="325" conditionals="203" coveredconditionals="143" methods="63" coveredmethods="57"/>
      <file name="gameState.ts" path="D:\king-of-war\server\src\gameState.ts">
        <metrics statements="370" coveredstatements="325" conditionals="203" coveredconditionals="143" methods="63" coveredmethods="57"/>
        <line num="11" count="6" type="stmt"/>
        <line num="13" count="6" type="stmt"/>
        <line num="21" count="24" type="stmt"/>
        <line num="25" count="218" type="stmt"/>
        <line num="29" count="85" type="stmt"/>
        <line num="30" count="85" type="stmt"/>
        <line num="31" count="85" type="stmt"/>
        <line num="32" count="935" type="stmt"/>
        <line num="33" count="935" type="stmt"/>
        <line num="34" count="2550" type="stmt"/>
        <line num="44" count="85" type="stmt"/>
        <line num="45" count="2465" type="stmt"/>
        <line num="46" count="2465" type="stmt"/>
        <line num="48" count="85" type="stmt"/>
        <line num="51" count="6" type="stmt"/>
        <line num="54" count="194" type="stmt"/>
        <line num="76" count="85" type="cond" truecount="2" falsecount="0"/>
        <line num="77" count="85" type="cond" truecount="2" falsecount="0"/>
        <line num="78" count="85" type="cond" truecount="1" falsecount="1"/>
        <line num="80" count="85" type="stmt"/>
        <line num="81" count="85" type="stmt"/>
        <line num="82" count="194" type="stmt"/>
        <line num="85" count="85" type="stmt"/>
        <line num="107" count="0" type="cond" truecount="0" falsecount="5"/>
        <line num="108" count="0" type="stmt"/>
        <line num="109" count="0" type="stmt"/>
        <line num="110" count="0" type="stmt"/>
        <line num="111" count="0" type="stmt"/>
        <line num="112" count="0" type="stmt"/>
        <line num="123" count="133" type="stmt"/>
        <line num="125" count="133" type="cond" truecount="17" falsecount="1"/>
        <line num="127" count="73" type="stmt"/>
        <line num="129" count="7" type="stmt"/>
        <line num="131" count="5" type="stmt"/>
        <line num="133" count="6" type="stmt"/>
        <line num="135" count="5" type="stmt"/>
        <line num="137" count="5" type="stmt"/>
        <line num="139" count="2" type="stmt"/>
        <line num="141" count="2" type="stmt"/>
        <line num="143" count="2" type="stmt"/>
        <line num="145" count="1" type="stmt"/>
        <line num="147" count="4" type="stmt"/>
        <line num="149" count="4" type="stmt"/>
        <line num="151" count="7" type="stmt"/>
        <line num="153" count="4" type="stmt"/>
        <line num="155" count="2" type="stmt"/>
        <line num="157" count="3" type="stmt"/>
        <line num="159" count="1" type="stmt"/>
        <line num="161" count="0" type="stmt"/>
        <line num="168" count="73" type="cond" truecount="2" falsecount="0"/>
        <line num="169" count="1" type="stmt"/>
        <line num="171" count="72" type="stmt"/>
        <line num="172" count="72" type="stmt"/>
        <line num="173" count="72" type="stmt"/>
        <line num="174" count="72" type="stmt"/>
        <line num="178" count="7" type="cond" truecount="2" falsecount="0"/>
        <line num="179" count="1" type="stmt"/>
        <line num="182" count="6" type="stmt"/>
        <line num="183" count="6" type="stmt"/>
        <line num="184" count="6" type="stmt"/>
        <line num="185" count="6" type="stmt"/>
        <line num="187" count="6" type="stmt"/>
        <line num="188" count="6" type="stmt"/>
        <line num="189" count="6" type="stmt"/>
        <line num="190" count="6" type="stmt"/>
        <line num="191" count="6" type="stmt"/>
        <line num="194" count="6" type="cond" truecount="4" falsecount="0"/>
        <line num="196" count="2" type="cond" truecount="1" falsecount="1"/>
        <line num="197" count="2" type="stmt"/>
        <line num="200" count="0" type="stmt"/>
        <line num="204" count="6" type="stmt"/>
        <line num="205" count="6" type="stmt"/>
        <line num="206" count="6" type="stmt"/>
        <line num="208" count="6" type="stmt"/>
        <line num="212" count="0" type="stmt"/>
        <line num="214" count="0" type="cond" truecount="0" falsecount="2"/>
        <line num="215" count="0" type="stmt"/>
        <line num="218" count="0" type="cond" truecount="0" falsecount="2"/>
        <line num="219" count="0" type="stmt"/>
        <line num="222" count="0" type="cond" truecount="0" falsecount="2"/>
        <line num="224" count="0" type="stmt"/>
        <line num="229" count="0" type="cond" truecount="0" falsecount="2"/>
        <line num="230" count="0" type="cond" truecount="0" falsecount="2"/>
        <line num="232" count="0" type="cond" truecount="0" falsecount="2"/>
        <line num="233" count="0" type="stmt"/>
        <line num="234" count="0" type="stmt"/>
        <line num="236" count="0" type="stmt"/>
        <line num="237" count="0" type="cond" truecount="0" falsecount="2"/>
        <line num="238" count="0" type="stmt"/>
        <line num="243" count="5" type="stmt"/>
        <line num="244" count="5" type="stmt"/>
        <line num="246" count="5" type="cond" truecount="2" falsecount="0"/>
        <line num="247" count="1" type="stmt"/>
        <line num="249" count="4" type="cond" truecount="2" falsecount="0"/>
        <line num="250" count="1" type="stmt"/>
        <line num="252" count="3" type="cond" truecount="4" falsecount="0"/>
        <line num="253" count="1" type="stmt"/>
        <line num="256" count="2" type="stmt"/>
        <line num="257" count="2" type="stmt"/>
        <line num="258" count="2" type="stmt"/>
        <line num="259" count="2" type="stmt"/>
        <line num="260" count="2" type="stmt"/>
        <line num="264" count="6" type="stmt"/>
        <line num="265" count="6" type="stmt"/>
        <line num="268" count="6" type="cond" truecount="5" falsecount="0"/>
        <line num="269" count="5" type="stmt"/>
        <line num="270" count="5" type="cond" truecount="1" falsecount="1"/>
        <line num="271" count="5" type="stmt"/>
        <line num="274" count="6" type="stmt"/>
        <line num="275" count="6" type="stmt"/>
        <line num="279" count="10" type="stmt"/>
        <line num="280" count="5" type="cond" truecount="3" falsecount="1"/>
        <line num="282" count="5" type="cond" truecount="1" falsecount="1"/>
        <line num="283" count="5" type="stmt"/>
        <line num="285" count="5" type="cond" truecount="2" falsecount="0"/>
        <line num="287" count="2" type="cond" truecount="1" falsecount="1"/>
        <line num="289" count="2" type="stmt"/>
        <line num="291" count="2" type="stmt"/>
        <line num="292" count="2" type="stmt"/>
        <line num="293" count="2" type="stmt"/>
        <line num="294" count="2" type="stmt"/>
        <line num="297" count="0" type="stmt"/>
        <line num="298" count="0" type="stmt"/>
        <line num="299" count="0" type="stmt"/>
        <line num="300" count="0" type="stmt"/>
        <line num="301" count="0" type="stmt"/>
        <line num="304" count="3" type="stmt"/>
        <line num="305" count="3" type="stmt"/>
        <line num="306" count="3" type="stmt"/>
        <line num="310" count="4" type="stmt"/>
        <line num="311" count="2" type="cond" truecount="1" falsecount="1"/>
        <line num="312" count="2" type="stmt"/>
        <line num="313" count="2" type="stmt"/>
        <line num="314" count="2" type="cond" truecount="2" falsecount="0"/>
        <line num="315" count="1" type="stmt"/>
        <line num="319" count="1" type="cond" truecount="3" falsecount="0"/>
        <line num="320" count="2" type="stmt"/>
        <line num="321" count="1" type="cond" truecount="1" falsecount="1"/>
        <line num="327" count="5" type="stmt"/>
        <line num="328" count="5" type="stmt"/>
        <line num="330" count="5" type="cond" truecount="2" falsecount="0"/>
        <line num="331" count="1" type="stmt"/>
        <line num="333" count="4" type="cond" truecount="2" falsecount="0"/>
        <line num="334" count="1" type="stmt"/>
        <line num="337" count="3" type="stmt"/>
        <line num="338" count="3" type="cond" truecount="2" falsecount="0"/>
        <line num="339" count="1" type="stmt"/>
        <line num="342" count="2" type="stmt"/>
        <line num="343" count="2" type="stmt"/>
        <line num="344" count="2" type="stmt"/>
        <line num="348" count="5" type="cond" truecount="2" falsecount="0"/>
        <line num="349" count="1" type="stmt"/>
        <line num="352" count="4" type="stmt"/>
        <line num="353" count="4" type="stmt"/>
        <line num="354" count="4" type="stmt"/>
        <line num="356" count="4" type="cond" truecount="2" falsecount="0"/>
        <line num="357" count="1" type="stmt"/>
        <line num="360" count="3" type="stmt"/>
        <line num="361" count="3" type="stmt"/>
        <line num="362" count="4" type="stmt"/>
        <line num="364" count="3" type="stmt"/>
        <line num="368" count="2" type="stmt"/>
        <line num="370" count="2" type="stmt"/>
        <line num="371" count="2" type="stmt"/>
        <line num="372" count="2" type="cond" truecount="2" falsecount="0"/>
        <line num="373" count="1" type="stmt"/>
        <line num="377" count="1" type="stmt"/>
        <line num="378" count="1" type="stmt"/>
        <line num="379" count="1" type="stmt"/>
        <line num="380" count="1" type="stmt"/>
        <line num="382" count="1" type="stmt"/>
        <line num="386" count="2" type="stmt"/>
        <line num="387" count="2" type="stmt"/>
        <line num="389" count="2" type="cond" truecount="2" falsecount="0"/>
        <line num="390" count="1" type="stmt"/>
        <line num="393" count="1" type="stmt"/>
        <line num="394" count="1" type="stmt"/>
        <line num="395" count="1" type="cond" truecount="1" falsecount="1"/>
        <line num="396" count="0" type="stmt"/>
        <line num="400" count="1" type="stmt"/>
        <line num="401" count="1" type="stmt"/>
        <line num="402" count="1" type="stmt"/>
        <line num="403" count="1" type="stmt"/>
        <line num="405" count="1" type="stmt"/>
        <line num="409" count="2" type="stmt"/>
        <line num="410" count="2" type="stmt"/>
        <line num="412" count="2" type="cond" truecount="2" falsecount="0"/>
        <line num="413" count="1" type="stmt"/>
        <line num="416" count="1" type="stmt"/>
        <line num="417" count="1" type="stmt"/>
        <line num="418" count="1" type="cond" truecount="1" falsecount="1"/>
        <line num="419" count="0" type="stmt"/>
        <line num="421" count="1" type="stmt"/>
        <line num="422" count="1" type="stmt"/>
        <line num="424" count="1" type="stmt"/>
        <line num="428" count="1" type="stmt"/>
        <line num="429" count="1" type="stmt"/>
        <line num="431" count="1" type="cond" truecount="1" falsecount="1"/>
        <line num="432" count="0" type="stmt"/>
        <line num="435" count="1" type="stmt"/>
        <line num="436" count="1" type="stmt"/>
        <line num="437" count="1" type="cond" truecount="1" falsecount="1"/>
        <line num="438" count="0" type="stmt"/>
        <line num="440" count="1" type="stmt"/>
        <line num="441" count="1" type="stmt"/>
        <line num="443" count="1" type="stmt"/>
        <line num="447" count="4" type="stmt"/>
        <line num="448" count="4" type="stmt"/>
        <line num="450" count="4" type="cond" truecount="2" falsecount="0"/>
        <line num="451" count="1" type="stmt"/>
        <line num="455" count="3" type="cond" truecount="1" falsecount="1"/>
        <line num="456" count="4" type="stmt"/>
        <line num="459" count="4" type="stmt"/>
        <line num="460" count="4" type="stmt"/>
        <line num="463" count="4" type="stmt"/>
        <line num="464" count="4" type="stmt"/>
        <line num="465" count="4" type="stmt"/>
        <line num="467" count="4" type="stmt"/>
        <line num="472" count="4" type="cond" truecount="2" falsecount="0"/>
        <line num="473" count="1" type="stmt"/>
        <line num="474" count="1" type="stmt"/>
        <line num="475" count="1" type="stmt"/>
        <line num="479" count="3" type="stmt"/>
        <line num="480" count="3" type="stmt"/>
        <line num="481" count="3" type="stmt"/>
        <line num="482" count="3" type="cond" truecount="2" falsecount="0"/>
        <line num="483" count="1" type="stmt"/>
        <line num="484" count="1" type="stmt"/>
        <line num="488" count="3" type="cond" truecount="2" falsecount="0"/>
        <line num="489" count="1" type="stmt"/>
        <line num="492" count="3" type="stmt"/>
        <line num="493" count="3" type="stmt"/>
        <line num="494" count="3" type="stmt"/>
        <line num="498" count="7" type="stmt"/>
        <line num="499" count="7" type="stmt"/>
        <line num="500" count="7" type="cond" truecount="1" falsecount="1"/>
        <line num="501" count="0" type="stmt"/>
        <line num="504" count="7" type="stmt"/>
        <line num="506" count="7" type="cond" truecount="7" falsecount="1"/>
        <line num="508" count="1" type="stmt"/>
        <line num="509" count="1" type="stmt"/>
        <line num="512" count="1" type="stmt"/>
        <line num="513" count="1" type="stmt"/>
        <line num="516" count="2" type="stmt"/>
        <line num="517" count="1" type="cond" truecount="1" falsecount="1"/>
        <line num="518" count="1" type="stmt"/>
        <line num="520" count="1" type="stmt"/>
        <line num="524" count="1" type="stmt"/>
        <line num="525" count="1" type="stmt"/>
        <line num="528" count="1" type="stmt"/>
        <line num="529" count="1" type="cond" truecount="1" falsecount="1"/>
        <line num="530" count="1" type="stmt"/>
        <line num="532" count="1" type="stmt"/>
        <line num="536" count="1" type="stmt"/>
        <line num="537" count="1" type="stmt"/>
        <line num="538" count="1" type="stmt"/>
        <line num="539" count="1" type="stmt"/>
        <line num="543" count="1" type="stmt"/>
        <line num="544" count="1" type="stmt"/>
        <line num="545" count="1" type="stmt"/>
        <line num="546" count="1" type="stmt"/>
        <line num="550" count="0" type="stmt"/>
        <line num="554" count="7" type="stmt"/>
        <line num="555" count="7" type="stmt"/>
        <line num="556" count="7" type="stmt"/>
        <line num="560" count="4" type="stmt"/>
        <line num="561" count="4" type="stmt"/>
        <line num="562" count="8" type="stmt"/>
        <line num="564" count="4" type="cond" truecount="2" falsecount="0"/>
        <line num="565" count="2" type="cond" truecount="2" falsecount="0"/>
        <line num="566" count="1" type="stmt"/>
        <line num="569" count="1" type="stmt"/>
        <line num="584" count="1" type="stmt"/>
        <line num="585" count="1" type="stmt"/>
        <line num="588" count="2" type="cond" truecount="2" falsecount="0"/>
        <line num="590" count="1" type="cond" truecount="3" falsecount="1"/>
        <line num="591" count="1" type="cond" truecount="1" falsecount="1"/>
        <line num="592" count="1" type="stmt"/>
        <line num="593" count="1" type="stmt"/>
        <line num="594" count="1" type="stmt"/>
        <line num="596" count="1" type="stmt"/>
        <line num="597" count="1" type="stmt"/>
        <line num="598" count="1" type="stmt"/>
        <line num="601" count="1" type="cond" truecount="1" falsecount="1"/>
        <line num="603" count="1" type="cond" truecount="3" falsecount="1"/>
        <line num="604" count="1" type="cond" truecount="1" falsecount="1"/>
        <line num="605" count="1" type="stmt"/>
        <line num="606" count="1" type="stmt"/>
        <line num="607" count="1" type="stmt"/>
        <line num="609" count="1" type="stmt"/>
        <line num="610" count="1" type="stmt"/>
        <line num="611" count="1" type="stmt"/>
        <line num="614" count="0" type="stmt"/>
        <line num="618" count="2" type="cond" truecount="1" falsecount="1"/>
        <line num="619" count="0" type="stmt"/>
        <line num="622" count="2" type="stmt"/>
        <line num="623" count="2" type="stmt"/>
        <line num="624" count="2" type="cond" truecount="1" falsecount="1"/>
        <line num="625" count="0" type="stmt"/>
        <line num="628" count="2" type="stmt"/>
        <line num="629" count="2" type="stmt"/>
        <line num="631" count="2" type="cond" truecount="1" falsecount="1"/>
        <line num="632" count="2" type="stmt"/>
        <line num="634" count="0" type="stmt"/>
        <line num="637" count="2" type="stmt"/>
        <line num="641" count="3" type="cond" truecount="1" falsecount="1"/>
        <line num="642" count="0" type="stmt"/>
        <line num="645" count="3" type="stmt"/>
        <line num="646" count="3" type="stmt"/>
        <line num="647" count="3" type="stmt"/>
        <line num="650" count="3" type="stmt"/>
        <line num="651" count="3" type="cond" truecount="1" falsecount="1"/>
        <line num="652" count="0" type="stmt"/>
        <line num="654" count="6" type="stmt"/>
        <line num="655" count="3" type="stmt"/>
        <line num="658" count="5" type="stmt"/>
        <line num="659" count="3" type="stmt"/>
        <line num="662" count="3" type="stmt"/>
        <line num="663" count="3" type="stmt"/>
        <line num="664" count="0" type="cond" truecount="0" falsecount="2"/>
        <line num="665" count="0" type="cond" truecount="0" falsecount="2"/>
        <line num="667" count="3" type="stmt"/>
        <line num="668" count="3" type="stmt"/>
        <line num="669" count="0" type="cond" truecount="0" falsecount="2"/>
        <line num="670" count="0" type="cond" truecount="0" falsecount="2"/>
        <line num="673" count="6" type="stmt"/>
        <line num="674" count="6" type="stmt"/>
        <line num="676" count="3" type="stmt"/>
        <line num="677" count="3" type="stmt"/>
        <line num="680" count="3" type="cond" truecount="2" falsecount="0"/>
        <line num="681" count="1" type="stmt"/>
        <line num="682" count="1" type="stmt"/>
        <line num="683" count="1" type="stmt"/>
        <line num="687" count="3" type="cond" truecount="2" falsecount="0"/>
        <line num="690" count="3" type="stmt"/>
        <line num="691" count="3" type="cond" truecount="3" falsecount="1"/>
        <line num="693" count="3" type="stmt"/>
        <line num="694" count="3" type="stmt"/>
        <line num="696" count="3" type="cond" truecount="2" falsecount="0"/>
        <line num="698" count="2" type="stmt"/>
        <line num="699" count="2" type="stmt"/>
        <line num="700" count="2" type="stmt"/>
        <line num="703" count="1" type="stmt"/>
        <line num="704" count="1" type="stmt"/>
        <line num="705" count="1" type="stmt"/>
        <line num="708" count="3" type="stmt"/>
        <line num="709" count="3" type="stmt"/>
        <line num="710" count="3" type="stmt"/>
        <line num="711" count="3" type="stmt"/>
        <line num="712" count="3" type="stmt"/>
        <line num="713" count="3" type="stmt"/>
        <line num="714" count="3" type="stmt"/>
        <line num="715" count="3" type="stmt"/>
        <line num="717" count="3" type="stmt"/>
        <line num="721" count="1" type="stmt"/>
        <line num="722" count="1" type="stmt"/>
        <line num="723" count="1" type="cond" truecount="1" falsecount="1"/>
        <line num="724" count="0" type="stmt"/>
        <line num="726" count="1" type="stmt"/>
        <line num="727" count="1" type="stmt"/>
        <line num="728" count="1" type="stmt"/>
        <line num="786" count="120" type="cond" truecount="2" falsecount="0"/>
        <line num="787" count="119" type="stmt"/>
        <line num="788" count="119" type="cond" truecount="2" falsecount="0"/>
        <line num="789" count="118" type="cond" truecount="1" falsecount="1"/>
        <line num="790" count="118" type="stmt"/>
        <line num="794" count="6" type="stmt"/>
        <line num="803" count="12" type="stmt"/>
        <line num="822" count="120" type="stmt"/>
        <line num="823" count="120" type="stmt"/>
      </file>
    </package>
    <package name="shared">
      <metrics statements="7" coveredstatements="7" conditionals="0" coveredconditionals="0" methods="1" coveredmethods="1"/>
      <file name="constants.ts" path="D:\king-of-war\shared\constants.ts">
        <metrics statements="7" coveredstatements="7" conditionals="0" coveredconditionals="0" methods="1" coveredmethods="1"/>
        <line num="3" count="6" type="stmt"/>
        <line num="9" count="6" type="stmt"/>
        <line num="22" count="6" type="stmt"/>
        <line num="36" count="6" type="stmt"/>
        <line num="51" count="180" type="stmt"/>
        <line num="59" count="6" type="stmt"/>
        <line num="82" count="6" type="stmt"/>
      </file>
    </package>
  </project>
</coverage>
