{"D:\\king-of-war\\server\\src\\gameState.ts": {"path":"D:\\king-of-war\\server\\src\\gameState.ts","statementMap":{"0":{"start":{"line":11,"column":18},"end":{"line":11,"column":null}},"1":{"start":{"line":13,"column":2},"end":{"line":17,"column":null}},"2":{"start":{"line":21,"column":2},"end":{"line":21,"column":null}},"3":{"start":{"line":25,"column":2},"end":{"line":25,"column":null}},"4":{"start":{"line":29,"column":24},"end":{"line":29,"column":null}},"5":{"start":{"line":30,"column":11},"end":{"line":30,"column":null}},"6":{"start":{"line":31,"column":2},"end":{"line":42,"column":null}},"7":{"start":{"line":32,"column":16},"end":{"line":32,"column":null}},"8":{"start":{"line":33,"column":4},"end":{"line":41,"column":null}},"9":{"start":{"line":33,"column":17},"end":{"line":33,"column":20}},"10":{"start":{"line":34,"column":6},"end":{"line":40,"column":null}},"11":{"start":{"line":44,"column":2},"end":{"line":47,"column":null}},"12":{"start":{"line":44,"column":15},"end":{"line":44,"column":33}},"13":{"start":{"line":45,"column":14},"end":{"line":45,"column":null}},"14":{"start":{"line":46,"column":4},"end":{"line":46,"column":null}},"15":{"start":{"line":48,"column":2},"end":{"line":48,"column":null}},"16":{"start":{"line":51,"column":37},"end":{"line":51,"column":null}},"17":{"start":{"line":54,"column":2},"end":{"line":70,"column":null}},"18":{"start":{"line":76,"column":16},"end":{"line":76,"column":null}},"19":{"start":{"line":77,"column":20},"end":{"line":77,"column":null}},"20":{"start":{"line":78,"column":21},"end":{"line":78,"column":null}},"21":{"start":{"line":80,"column":28},"end":{"line":80,"column":null}},"22":{"start":{"line":81,"column":2},"end":{"line":83,"column":null}},"23":{"start":{"line":81,"column":15},"end":{"line":81,"column":18}},"24":{"start":{"line":82,"column":4},"end":{"line":82,"column":null}},"25":{"start":{"line":85,"column":2},"end":{"line":101,"column":null}},"26":{"start":{"line":107,"column":2},"end":{"line":113,"column":null}},"27":{"start":{"line":108,"column":21},"end":{"line":108,"column":null}},"28":{"start":{"line":109,"column":19},"end":{"line":109,"column":null}},"29":{"start":{"line":110,"column":23},"end":{"line":110,"column":null}},"30":{"start":{"line":111,"column":19},"end":{"line":111,"column":null}},"31":{"start":{"line":112,"column":13},"end":{"line":112,"column":null}},"32":{"start":{"line":123,"column":12},"end":{"line":123,"column":null}},"33":{"start":{"line":125,"column":2},"end":{"line":162,"column":null}},"34":{"start":{"line":127,"column":6},"end":{"line":127,"column":null}},"35":{"start":{"line":129,"column":6},"end":{"line":129,"column":null}},"36":{"start":{"line":131,"column":6},"end":{"line":131,"column":null}},"37":{"start":{"line":133,"column":6},"end":{"line":133,"column":null}},"38":{"start":{"line":135,"column":6},"end":{"line":135,"column":null}},"39":{"start":{"line":137,"column":6},"end":{"line":137,"column":null}},"40":{"start":{"line":139,"column":6},"end":{"line":139,"column":null}},"41":{"start":{"line":141,"column":6},"end":{"line":141,"column":null}},"42":{"start":{"line":143,"column":6},"end":{"line":143,"column":null}},"43":{"start":{"line":145,"column":6},"end":{"line":145,"column":null}},"44":{"start":{"line":147,"column":6},"end":{"line":147,"column":null}},"45":{"start":{"line":149,"column":6},"end":{"line":149,"column":null}},"46":{"start":{"line":151,"column":6},"end":{"line":151,"column":null}},"47":{"start":{"line":153,"column":6},"end":{"line":153,"column":null}},"48":{"start":{"line":155,"column":6},"end":{"line":155,"column":null}},"49":{"start":{"line":157,"column":6},"end":{"line":157,"column":null}},"50":{"start":{"line":159,"column":6},"end":{"line":159,"column":null}},"51":{"start":{"line":161,"column":6},"end":{"line":161,"column":null}},"52":{"start":{"line":168,"column":2},"end":{"line":170,"column":null}},"53":{"start":{"line":169,"column":4},"end":{"line":169,"column":null}},"54":{"start":{"line":171,"column":2},"end":{"line":171,"column":null}},"55":{"start":{"line":172,"column":2},"end":{"line":172,"column":null}},"56":{"start":{"line":173,"column":2},"end":{"line":173,"column":null}},"57":{"start":{"line":174,"column":2},"end":{"line":174,"column":null}},"58":{"start":{"line":178,"column":2},"end":{"line":180,"column":null}},"59":{"start":{"line":179,"column":4},"end":{"line":179,"column":null}},"60":{"start":{"line":182,"column":13},"end":{"line":182,"column":null}},"61":{"start":{"line":183,"column":13},"end":{"line":183,"column":null}},"62":{"start":{"line":184,"column":2},"end":{"line":184,"column":null}},"63":{"start":{"line":185,"column":2},"end":{"line":185,"column":null}},"64":{"start":{"line":187,"column":17},"end":{"line":187,"column":null}},"65":{"start":{"line":188,"column":16},"end":{"line":188,"column":null}},"66":{"start":{"line":189,"column":20},"end":{"line":189,"column":null}},"67":{"start":{"line":190,"column":17},"end":{"line":190,"column":null}},"68":{"start":{"line":191,"column":8},"end":{"line":191,"column":null}},"69":{"start":{"line":194,"column":2},"end":{"line":202,"column":null}},"70":{"start":{"line":196,"column":4},"end":{"line":201,"column":null}},"71":{"start":{"line":197,"column":6},"end":{"line":197,"column":null}},"72":{"start":{"line":200,"column":6},"end":{"line":200,"column":null}},"73":{"start":{"line":204,"column":2},"end":{"line":204,"column":null}},"74":{"start":{"line":205,"column":2},"end":{"line":205,"column":null}},"75":{"start":{"line":206,"column":2},"end":{"line":206,"column":null}},"76":{"start":{"line":208,"column":2},"end":{"line":208,"column":null}},"77":{"start":{"line":212,"column":15},"end":{"line":212,"column":null}},"78":{"start":{"line":214,"column":2},"end":{"line":216,"column":null}},"79":{"start":{"line":215,"column":4},"end":{"line":215,"column":null}},"80":{"start":{"line":218,"column":2},"end":{"line":220,"column":null}},"81":{"start":{"line":219,"column":4},"end":{"line":219,"column":null}},"82":{"start":{"line":222,"column":2},"end":{"line":225,"column":null}},"83":{"start":{"line":224,"column":4},"end":{"line":224,"column":null}},"84":{"start":{"line":229,"column":2},"end":{"line":229,"column":null}},"85":{"start":{"line":229,"column":49},"end":{"line":229,"column":null}},"86":{"start":{"line":230,"column":2},"end":{"line":235,"column":null}},"87":{"start":{"line":232,"column":4},"end":{"line":232,"column":null}},"88":{"start":{"line":232,"column":36},"end":{"line":232,"column":null}},"89":{"start":{"line":233,"column":4},"end":{"line":233,"column":null}},"90":{"start":{"line":234,"column":4},"end":{"line":234,"column":null}},"91":{"start":{"line":236,"column":15},"end":{"line":236,"column":null}},"92":{"start":{"line":237,"column":2},"end":{"line":239,"column":null}},"93":{"start":{"line":238,"column":4},"end":{"line":238,"column":null}},"94":{"start":{"line":243,"column":17},"end":{"line":243,"column":null}},"95":{"start":{"line":244,"column":15},"end":{"line":244,"column":null}},"96":{"start":{"line":246,"column":2},"end":{"line":248,"column":null}},"97":{"start":{"line":247,"column":4},"end":{"line":247,"column":null}},"98":{"start":{"line":249,"column":2},"end":{"line":251,"column":null}},"99":{"start":{"line":250,"column":4},"end":{"line":250,"column":null}},"100":{"start":{"line":252,"column":2},"end":{"line":254,"column":null}},"101":{"start":{"line":253,"column":4},"end":{"line":253,"column":null}},"102":{"start":{"line":256,"column":2},"end":{"line":256,"column":null}},"103":{"start":{"line":257,"column":2},"end":{"line":257,"column":null}},"104":{"start":{"line":258,"column":2},"end":{"line":258,"column":null}},"105":{"start":{"line":259,"column":2},"end":{"line":259,"column":null}},"106":{"start":{"line":260,"column":2},"end":{"line":260,"column":null}},"107":{"start":{"line":264,"column":17},"end":{"line":264,"column":null}},"108":{"start":{"line":265,"column":15},"end":{"line":265,"column":null}},"109":{"start":{"line":268,"column":2},"end":{"line":272,"column":null}},"110":{"start":{"line":269,"column":23},"end":{"line":269,"column":null}},"111":{"start":{"line":270,"column":4},"end":{"line":270,"column":null}},"112":{"start":{"line":270,"column":26},"end":{"line":270,"column":null}},"113":{"start":{"line":271,"column":4},"end":{"line":271,"column":null}},"114":{"start":{"line":274,"column":2},"end":{"line":274,"column":null}},"115":{"start":{"line":275,"column":2},"end":{"line":275,"column":null}},"116":{"start":{"line":279,"column":16},"end":{"line":279,"column":null}},"117":{"start":{"line":279,"column":36},"end":{"line":279,"column":55}},"118":{"start":{"line":280,"column":2},"end":{"line":280,"column":null}},"119":{"start":{"line":280,"column":32},"end":{"line":280,"column":null}},"120":{"start":{"line":282,"column":21},"end":{"line":282,"column":null}},"121":{"start":{"line":283,"column":15},"end":{"line":283,"column":null}},"122":{"start":{"line":285,"column":2},"end":{"line":302,"column":null}},"123":{"start":{"line":287,"column":4},"end":{"line":295,"column":null}},"124":{"start":{"line":289,"column":6},"end":{"line":289,"column":null}},"125":{"start":{"line":291,"column":6},"end":{"line":291,"column":null}},"126":{"start":{"line":292,"column":6},"end":{"line":292,"column":null}},"127":{"start":{"line":293,"column":6},"end":{"line":293,"column":null}},"128":{"start":{"line":294,"column":6},"end":{"line":294,"column":null}},"129":{"start":{"line":297,"column":4},"end":{"line":297,"column":null}},"130":{"start":{"line":298,"column":4},"end":{"line":298,"column":null}},"131":{"start":{"line":299,"column":4},"end":{"line":299,"column":null}},"132":{"start":{"line":300,"column":4},"end":{"line":300,"column":null}},"133":{"start":{"line":301,"column":4},"end":{"line":301,"column":null}},"134":{"start":{"line":304,"column":2},"end":{"line":304,"column":null}},"135":{"start":{"line":305,"column":2},"end":{"line":305,"column":null}},"136":{"start":{"line":306,"column":2},"end":{"line":306,"column":null}},"137":{"start":{"line":310,"column":16},"end":{"line":310,"column":null}},"138":{"start":{"line":310,"column":38},"end":{"line":310,"column":53}},"139":{"start":{"line":311,"column":2},"end":{"line":323,"column":null}},"140":{"start":{"line":312,"column":4},"end":{"line":312,"column":null}},"141":{"start":{"line":313,"column":4},"end":{"line":313,"column":null}},"142":{"start":{"line":314,"column":4},"end":{"line":322,"column":null}},"143":{"start":{"line":315,"column":6},"end":{"line":315,"column":null}},"144":{"start":{"line":319,"column":29},"end":{"line":319,"column":null}},"145":{"start":{"line":319,"column":54},"end":{"line":319,"column":120}},"146":{"start":{"line":320,"column":20},"end":{"line":320,"column":null}},"147":{"start":{"line":320,"column":45},"end":{"line":320,"column":65}},"148":{"start":{"line":321,"column":6},"end":{"line":321,"column":null}},"149":{"start":{"line":327,"column":17},"end":{"line":327,"column":null}},"150":{"start":{"line":328,"column":15},"end":{"line":328,"column":null}},"151":{"start":{"line":330,"column":2},"end":{"line":332,"column":null}},"152":{"start":{"line":331,"column":4},"end":{"line":331,"column":null}},"153":{"start":{"line":333,"column":2},"end":{"line":335,"column":null}},"154":{"start":{"line":334,"column":4},"end":{"line":334,"column":null}},"155":{"start":{"line":337,"column":15},"end":{"line":337,"column":null}},"156":{"start":{"line":338,"column":2},"end":{"line":340,"column":null}},"157":{"start":{"line":339,"column":4},"end":{"line":339,"column":null}},"158":{"start":{"line":342,"column":2},"end":{"line":342,"column":null}},"159":{"start":{"line":343,"column":2},"end":{"line":343,"column":null}},"160":{"start":{"line":344,"column":2},"end":{"line":344,"column":null}},"161":{"start":{"line":348,"column":2},"end":{"line":350,"column":null}},"162":{"start":{"line":349,"column":4},"end":{"line":349,"column":null}},"163":{"start":{"line":352,"column":17},"end":{"line":352,"column":null}},"164":{"start":{"line":353,"column":19},"end":{"line":353,"column":null}},"165":{"start":{"line":354,"column":20},"end":{"line":354,"column":null}},"166":{"start":{"line":356,"column":2},"end":{"line":358,"column":null}},"167":{"start":{"line":357,"column":4},"end":{"line":357,"column":null}},"168":{"start":{"line":360,"column":2},"end":{"line":360,"column":null}},"169":{"start":{"line":361,"column":2},"end":{"line":363,"column":null}},"170":{"start":{"line":361,"column":15},"end":{"line":361,"column":18}},"171":{"start":{"line":362,"column":4},"end":{"line":362,"column":null}},"172":{"start":{"line":364,"column":2},"end":{"line":364,"column":null}},"173":{"start":{"line":368,"column":17},"end":{"line":368,"column":null}},"174":{"start":{"line":370,"column":2},"end":{"line":375,"column":null}},"175":{"start":{"line":371,"column":16},"end":{"line":371,"column":null}},"176":{"start":{"line":371,"column":50},"end":{"line":371,"column":61}},"177":{"start":{"line":372,"column":4},"end":{"line":374,"column":null}},"178":{"start":{"line":373,"column":6},"end":{"line":373,"column":null}},"179":{"start":{"line":377,"column":2},"end":{"line":381,"column":null}},"180":{"start":{"line":378,"column":16},"end":{"line":378,"column":null}},"181":{"start":{"line":378,"column":50},"end":{"line":378,"column":61}},"182":{"start":{"line":379,"column":19},"end":{"line":379,"column":null}},"183":{"start":{"line":380,"column":4},"end":{"line":380,"column":null}},"184":{"start":{"line":382,"column":2},"end":{"line":382,"column":null}},"185":{"start":{"line":386,"column":17},"end":{"line":386,"column":null}},"186":{"start":{"line":387,"column":15},"end":{"line":387,"column":null}},"187":{"start":{"line":389,"column":2},"end":{"line":391,"column":null}},"188":{"start":{"line":390,"column":4},"end":{"line":390,"column":null}},"189":{"start":{"line":393,"column":2},"end":{"line":398,"column":null}},"190":{"start":{"line":394,"column":16},"end":{"line":394,"column":null}},"191":{"start":{"line":394,"column":50},"end":{"line":394,"column":61}},"192":{"start":{"line":395,"column":4},"end":{"line":397,"column":null}},"193":{"start":{"line":396,"column":6},"end":{"line":396,"column":null}},"194":{"start":{"line":400,"column":2},"end":{"line":404,"column":null}},"195":{"start":{"line":401,"column":16},"end":{"line":401,"column":null}},"196":{"start":{"line":401,"column":50},"end":{"line":401,"column":61}},"197":{"start":{"line":402,"column":19},"end":{"line":402,"column":null}},"198":{"start":{"line":403,"column":4},"end":{"line":403,"column":null}},"199":{"start":{"line":405,"column":2},"end":{"line":405,"column":null}},"200":{"start":{"line":409,"column":17},"end":{"line":409,"column":null}},"201":{"start":{"line":410,"column":15},"end":{"line":410,"column":null}},"202":{"start":{"line":412,"column":2},"end":{"line":414,"column":null}},"203":{"start":{"line":413,"column":4},"end":{"line":413,"column":null}},"204":{"start":{"line":416,"column":2},"end":{"line":423,"column":null}},"205":{"start":{"line":417,"column":16},"end":{"line":417,"column":null}},"206":{"start":{"line":417,"column":49},"end":{"line":417,"column":60}},"207":{"start":{"line":418,"column":4},"end":{"line":420,"column":null}},"208":{"start":{"line":419,"column":6},"end":{"line":419,"column":null}},"209":{"start":{"line":421,"column":19},"end":{"line":421,"column":null}},"210":{"start":{"line":422,"column":4},"end":{"line":422,"column":null}},"211":{"start":{"line":424,"column":2},"end":{"line":424,"column":null}},"212":{"start":{"line":428,"column":17},"end":{"line":428,"column":null}},"213":{"start":{"line":429,"column":15},"end":{"line":429,"column":null}},"214":{"start":{"line":431,"column":2},"end":{"line":433,"column":null}},"215":{"start":{"line":432,"column":4},"end":{"line":432,"column":null}},"216":{"start":{"line":435,"column":2},"end":{"line":442,"column":null}},"217":{"start":{"line":436,"column":16},"end":{"line":436,"column":null}},"218":{"start":{"line":436,"column":45},"end":{"line":436,"column":56}},"219":{"start":{"line":437,"column":4},"end":{"line":439,"column":null}},"220":{"start":{"line":438,"column":6},"end":{"line":438,"column":null}},"221":{"start":{"line":440,"column":19},"end":{"line":440,"column":null}},"222":{"start":{"line":441,"column":4},"end":{"line":441,"column":null}},"223":{"start":{"line":443,"column":2},"end":{"line":443,"column":null}},"224":{"start":{"line":447,"column":17},"end":{"line":447,"column":null}},"225":{"start":{"line":448,"column":15},"end":{"line":448,"column":null}},"226":{"start":{"line":450,"column":2},"end":{"line":452,"column":null}},"227":{"start":{"line":451,"column":4},"end":{"line":451,"column":null}},"228":{"start":{"line":455,"column":20},"end":{"line":455,"column":null}},"229":{"start":{"line":456,"column":2},"end":{"line":456,"column":null}},"230":{"start":{"line":459,"column":2},"end":{"line":459,"column":null}},"231":{"start":{"line":460,"column":2},"end":{"line":460,"column":null}},"232":{"start":{"line":463,"column":2},"end":{"line":463,"column":null}},"233":{"start":{"line":464,"column":2},"end":{"line":464,"column":null}},"234":{"start":{"line":465,"column":2},"end":{"line":465,"column":null}},"235":{"start":{"line":465,"column":64},"end":{"line":465,"column":79}},"236":{"start":{"line":467,"column":2},"end":{"line":467,"column":null}},"237":{"start":{"line":472,"column":2},"end":{"line":476,"column":null}},"238":{"start":{"line":473,"column":4},"end":{"line":473,"column":null}},"239":{"start":{"line":474,"column":4},"end":{"line":474,"column":null}},"240":{"start":{"line":475,"column":4},"end":{"line":475,"column":null}},"241":{"start":{"line":479,"column":22},"end":{"line":479,"column":null}},"242":{"start":{"line":480,"column":6},"end":{"line":480,"column":null}},"243":{"start":{"line":481,"column":18},"end":{"line":481,"column":null}},"244":{"start":{"line":482,"column":2},"end":{"line":485,"column":null}},"245":{"start":{"line":483,"column":4},"end":{"line":483,"column":null}},"246":{"start":{"line":484,"column":4},"end":{"line":484,"column":null}},"247":{"start":{"line":488,"column":2},"end":{"line":490,"column":null}},"248":{"start":{"line":489,"column":4},"end":{"line":489,"column":null}},"249":{"start":{"line":492,"column":2},"end":{"line":492,"column":null}},"250":{"start":{"line":493,"column":2},"end":{"line":493,"column":null}},"251":{"start":{"line":494,"column":2},"end":{"line":494,"column":null}},"252":{"start":{"line":498,"column":17},"end":{"line":498,"column":null}},"253":{"start":{"line":499,"column":18},"end":{"line":499,"column":null}},"254":{"start":{"line":499,"column":45},"end":{"line":499,"column":60}},"255":{"start":{"line":500,"column":2},"end":{"line":502,"column":null}},"256":{"start":{"line":501,"column":4},"end":{"line":501,"column":null}},"257":{"start":{"line":504,"column":15},"end":{"line":504,"column":null}},"258":{"start":{"line":506,"column":2},"end":{"line":551,"column":null}},"259":{"start":{"line":508,"column":6},"end":{"line":508,"column":null}},"260":{"start":{"line":509,"column":6},"end":{"line":509,"column":null}},"261":{"start":{"line":512,"column":6},"end":{"line":512,"column":null}},"262":{"start":{"line":513,"column":6},"end":{"line":513,"column":null}},"263":{"start":{"line":516,"column":27},"end":{"line":516,"column":null}},"264":{"start":{"line":516,"column":47},"end":{"line":516,"column":62}},"265":{"start":{"line":517,"column":6},"end":{"line":519,"column":null}},"266":{"start":{"line":518,"column":8},"end":{"line":518,"column":null}},"267":{"start":{"line":520,"column":6},"end":{"line":520,"column":null}},"268":{"start":{"line":524,"column":6},"end":{"line":524,"column":null}},"269":{"start":{"line":525,"column":6},"end":{"line":525,"column":null}},"270":{"start":{"line":528,"column":22},"end":{"line":528,"column":null}},"271":{"start":{"line":529,"column":6},"end":{"line":531,"column":null}},"272":{"start":{"line":530,"column":8},"end":{"line":530,"column":null}},"273":{"start":{"line":532,"column":6},"end":{"line":532,"column":null}},"274":{"start":{"line":536,"column":25},"end":{"line":536,"column":null}},"275":{"start":{"line":537,"column":6},"end":{"line":537,"column":null}},"276":{"start":{"line":538,"column":6},"end":{"line":538,"column":null}},"277":{"start":{"line":539,"column":6},"end":{"line":539,"column":null}},"278":{"start":{"line":543,"column":22},"end":{"line":543,"column":null}},"279":{"start":{"line":544,"column":6},"end":{"line":544,"column":null}},"280":{"start":{"line":545,"column":6},"end":{"line":545,"column":null}},"281":{"start":{"line":546,"column":6},"end":{"line":546,"column":null}},"282":{"start":{"line":550,"column":6},"end":{"line":550,"column":null}},"283":{"start":{"line":554,"column":2},"end":{"line":554,"column":null}},"284":{"start":{"line":555,"column":2},"end":{"line":555,"column":null}},"285":{"start":{"line":556,"column":2},"end":{"line":556,"column":null}},"286":{"start":{"line":560,"column":17},"end":{"line":560,"column":null}},"287":{"start":{"line":561,"column":15},"end":{"line":561,"column":null}},"288":{"start":{"line":562,"column":16},"end":{"line":562,"column":null}},"289":{"start":{"line":562,"column":36},"end":{"line":562,"column":55}},"290":{"start":{"line":564,"column":2},"end":{"line":586,"column":null}},"291":{"start":{"line":565,"column":4},"end":{"line":567,"column":null}},"292":{"start":{"line":566,"column":6},"end":{"line":566,"column":null}},"293":{"start":{"line":569,"column":4},"end":{"line":583,"column":null}},"294":{"start":{"line":584,"column":4},"end":{"line":584,"column":null}},"295":{"start":{"line":585,"column":4},"end":{"line":585,"column":null}},"296":{"start":{"line":588,"column":2},"end":{"line":599,"column":null}},"297":{"start":{"line":590,"column":4},"end":{"line":595,"column":null}},"298":{"start":{"line":591,"column":25},"end":{"line":591,"column":null}},"299":{"start":{"line":592,"column":19},"end":{"line":592,"column":null}},"300":{"start":{"line":593,"column":6},"end":{"line":593,"column":null}},"301":{"start":{"line":594,"column":6},"end":{"line":594,"column":null}},"302":{"start":{"line":596,"column":4},"end":{"line":596,"column":null}},"303":{"start":{"line":597,"column":4},"end":{"line":597,"column":null}},"304":{"start":{"line":598,"column":4},"end":{"line":598,"column":null}},"305":{"start":{"line":601,"column":2},"end":{"line":612,"column":null}},"306":{"start":{"line":603,"column":4},"end":{"line":608,"column":null}},"307":{"start":{"line":604,"column":25},"end":{"line":604,"column":null}},"308":{"start":{"line":605,"column":19},"end":{"line":605,"column":null}},"309":{"start":{"line":606,"column":6},"end":{"line":606,"column":null}},"310":{"start":{"line":607,"column":6},"end":{"line":607,"column":null}},"311":{"start":{"line":609,"column":4},"end":{"line":609,"column":null}},"312":{"start":{"line":610,"column":4},"end":{"line":610,"column":null}},"313":{"start":{"line":611,"column":4},"end":{"line":611,"column":null}},"314":{"start":{"line":614,"column":2},"end":{"line":614,"column":null}},"315":{"start":{"line":618,"column":2},"end":{"line":620,"column":null}},"316":{"start":{"line":619,"column":4},"end":{"line":619,"column":null}},"317":{"start":{"line":622,"column":17},"end":{"line":622,"column":null}},"318":{"start":{"line":623,"column":18},"end":{"line":623,"column":null}},"319":{"start":{"line":623,"column":45},"end":{"line":623,"column":60}},"320":{"start":{"line":624,"column":2},"end":{"line":626,"column":null}},"321":{"start":{"line":625,"column":4},"end":{"line":625,"column":null}},"322":{"start":{"line":628,"column":15},"end":{"line":628,"column":null}},"323":{"start":{"line":629,"column":2},"end":{"line":629,"column":null}},"324":{"start":{"line":631,"column":2},"end":{"line":635,"column":null}},"325":{"start":{"line":632,"column":4},"end":{"line":632,"column":null}},"326":{"start":{"line":634,"column":4},"end":{"line":634,"column":null}},"327":{"start":{"line":637,"column":2},"end":{"line":637,"column":null}},"328":{"start":{"line":641,"column":2},"end":{"line":643,"column":null}},"329":{"start":{"line":642,"column":4},"end":{"line":642,"column":null}},"330":{"start":{"line":645,"column":17},"end":{"line":645,"column":null}},"331":{"start":{"line":646,"column":19},"end":{"line":646,"column":null}},"332":{"start":{"line":646,"column":39},"end":{"line":646,"column":65}},"333":{"start":{"line":647,"column":15},"end":{"line":647,"column":null}},"334":{"start":{"line":650,"column":26},"end":{"line":650,"column":null}},"335":{"start":{"line":651,"column":2},"end":{"line":653,"column":null}},"336":{"start":{"line":651,"column":37},"end":{"line":651,"column":65}},"337":{"start":{"line":652,"column":4},"end":{"line":652,"column":null}},"338":{"start":{"line":654,"column":23},"end":{"line":654,"column":null}},"339":{"start":{"line":654,"column":71},"end":{"line":654,"column":80}},"340":{"start":{"line":655,"column":23},"end":{"line":655,"column":null}},"341":{"start":{"line":658,"column":28},"end":{"line":658,"column":null}},"342":{"start":{"line":658,"column":67},"end":{"line":658,"column":88}},"343":{"start":{"line":659,"column":28},"end":{"line":659,"column":null}},"344":{"start":{"line":659,"column":61},"end":{"line":659,"column":82}},"345":{"start":{"line":662,"column":26},"end":{"line":662,"column":null}},"346":{"start":{"line":663,"column":2},"end":{"line":666,"column":null}},"347":{"start":{"line":664,"column":4},"end":{"line":664,"column":null}},"348":{"start":{"line":664,"column":32},"end":{"line":664,"column":null}},"349":{"start":{"line":665,"column":4},"end":{"line":665,"column":null}},"350":{"start":{"line":665,"column":37},"end":{"line":665,"column":null}},"351":{"start":{"line":667,"column":26},"end":{"line":667,"column":null}},"352":{"start":{"line":668,"column":2},"end":{"line":671,"column":null}},"353":{"start":{"line":669,"column":4},"end":{"line":669,"column":null}},"354":{"start":{"line":669,"column":32},"end":{"line":669,"column":null}},"355":{"start":{"line":670,"column":4},"end":{"line":670,"column":null}},"356":{"start":{"line":670,"column":37},"end":{"line":670,"column":null}},"357":{"start":{"line":673,"column":26},"end":{"line":673,"column":null}},"358":{"start":{"line":673,"column":56},"end":{"line":673,"column":63}},"359":{"start":{"line":674,"column":26},"end":{"line":674,"column":null}},"360":{"start":{"line":674,"column":56},"end":{"line":674,"column":63}},"361":{"start":{"line":676,"column":22},"end":{"line":676,"column":null}},"362":{"start":{"line":677,"column":22},"end":{"line":677,"column":null}},"363":{"start":{"line":680,"column":2},"end":{"line":684,"column":null}},"364":{"start":{"line":681,"column":4},"end":{"line":681,"column":null}},"365":{"start":{"line":682,"column":4},"end":{"line":682,"column":null}},"366":{"start":{"line":683,"column":4},"end":{"line":683,"column":null}},"367":{"start":{"line":687,"column":17},"end":{"line":687,"column":null}},"368":{"start":{"line":690,"column":15},"end":{"line":690,"column":null}},"369":{"start":{"line":691,"column":20},"end":{"line":691,"column":null}},"370":{"start":{"line":693,"column":31},"end":{"line":693,"column":null}},"371":{"start":{"line":694,"column":31},"end":{"line":694,"column":null}},"372":{"start":{"line":696,"column":2},"end":{"line":706,"column":null}},"373":{"start":{"line":698,"column":19},"end":{"line":698,"column":null}},"374":{"start":{"line":698,"column":53},"end":{"line":698,"column":82}},"375":{"start":{"line":699,"column":4},"end":{"line":699,"column":null}},"376":{"start":{"line":700,"column":4},"end":{"line":700,"column":null}},"377":{"start":{"line":700,"column":46},"end":{"line":700,"column":86}},"378":{"start":{"line":700,"column":72},"end":{"line":700,"column":85}},"379":{"start":{"line":703,"column":19},"end":{"line":703,"column":null}},"380":{"start":{"line":703,"column":59},"end":{"line":703,"column":88}},"381":{"start":{"line":704,"column":4},"end":{"line":704,"column":null}},"382":{"start":{"line":705,"column":4},"end":{"line":705,"column":null}},"383":{"start":{"line":705,"column":58},"end":{"line":705,"column":98}},"384":{"start":{"line":705,"column":84},"end":{"line":705,"column":97}},"385":{"start":{"line":708,"column":2},"end":{"line":708,"column":null}},"386":{"start":{"line":709,"column":2},"end":{"line":709,"column":null}},"387":{"start":{"line":710,"column":2},"end":{"line":710,"column":null}},"388":{"start":{"line":711,"column":2},"end":{"line":711,"column":null}},"389":{"start":{"line":712,"column":2},"end":{"line":712,"column":null}},"390":{"start":{"line":713,"column":2},"end":{"line":713,"column":null}},"391":{"start":{"line":714,"column":2},"end":{"line":714,"column":null}},"392":{"start":{"line":715,"column":2},"end":{"line":715,"column":null}},"393":{"start":{"line":717,"column":2},"end":{"line":717,"column":null}},"394":{"start":{"line":721,"column":17},"end":{"line":721,"column":null}},"395":{"start":{"line":722,"column":18},"end":{"line":722,"column":null}},"396":{"start":{"line":722,"column":45},"end":{"line":722,"column":60}},"397":{"start":{"line":723,"column":2},"end":{"line":725,"column":null}},"398":{"start":{"line":724,"column":4},"end":{"line":724,"column":null}},"399":{"start":{"line":726,"column":17},"end":{"line":726,"column":null}},"400":{"start":{"line":727,"column":2},"end":{"line":727,"column":null}},"401":{"start":{"line":728,"column":2},"end":{"line":728,"column":null}},"402":{"start":{"line":786,"column":2},"end":{"line":786,"column":null}},"403":{"start":{"line":786,"column":31},"end":{"line":786,"column":null}},"404":{"start":{"line":787,"column":17},"end":{"line":787,"column":null}},"405":{"start":{"line":787,"column":41},"end":{"line":787,"column":58}},"406":{"start":{"line":788,"column":2},"end":{"line":788,"column":null}},"407":{"start":{"line":788,"column":54},"end":{"line":788,"column":null}},"408":{"start":{"line":789,"column":2},"end":{"line":789,"column":null}},"409":{"start":{"line":789,"column":51},"end":{"line":789,"column":null}},"410":{"start":{"line":790,"column":2},"end":{"line":790,"column":null}},"411":{"start":{"line":794,"column":2},"end":{"line":843,"column":null}},"412":{"start":{"line":803,"column":37},"end":{"line":820,"column":6}},"413":{"start":{"line":822,"column":21},"end":{"line":822,"column":null}},"414":{"start":{"line":823,"column":6},"end":{"line":836,"column":null}}},"fnMap":{"0":{"name":"createUnit","decl":{"start":{"line":12,"column":9},"end":{"line":12,"column":20}},"loc":{"start":{"line":12,"column":42},"end":{"line":18,"column":null}},"line":12},"1":{"name":"rollDie","decl":{"start":{"line":20,"column":9},"end":{"line":20,"column":27}},"loc":{"start":{"line":20,"column":27},"end":{"line":22,"column":null}},"line":20},"2":{"name":"deepClone","decl":{"start":{"line":24,"column":9},"end":{"line":24,"column":22}},"loc":{"start":{"line":24,"column":33},"end":{"line":26,"column":null}},"line":24},"3":{"name":"buildDeck","decl":{"start":{"line":28,"column":9},"end":{"line":28,"column":29}},"loc":{"start":{"line":28,"column":29},"end":{"line":49,"column":null}},"line":28},"4":{"name":"makePlayer","decl":{"start":{"line":53,"column":9},"end":{"line":53,"column":20}},"loc":{"start":{"line":53,"column":58},"end":{"line":71,"column":null}},"line":53},"5":{"name":"createInitialState","decl":{"start":{"line":75,"column":16},"end":{"line":75,"column":35}},"loc":{"start":{"line":75,"column":86},"end":{"line":102,"column":null}},"line":75},"6":{"name":"getNextPhase","decl":{"start":{"line":106,"column":16},"end":{"line":106,"column":29}},"loc":{"start":{"line":106,"column":60},"end":{"line":114,"column":null}},"line":106},"7":{"name":"processAction","decl":{"start":{"line":118,"column":16},"end":{"line":118,"column":null}},"loc":{"start":{"line":121,"column":40},"end":{"line":163,"column":null}},"line":121},"8":{"name":"handleStartGame","decl":{"start":{"line":167,"column":9},"end":{"line":167,"column":25}},"loc":{"start":{"line":167,"column":77},"end":{"line":175,"column":null}},"line":167},"9":{"name":"handleRollDice","decl":{"start":{"line":177,"column":9},"end":{"line":177,"column":24}},"loc":{"start":{"line":177,"column":76},"end":{"line":209,"column":null}},"line":177},"10":{"name":"handleLanding","decl":{"start":{"line":211,"column":9},"end":{"line":211,"column":23}},"loc":{"start":{"line":211,"column":59},"end":{"line":226,"column":null}},"line":211},"11":{"name":"drawCard","decl":{"start":{"line":228,"column":9},"end":{"line":228,"column":18}},"loc":{"start":{"line":228,"column":54},"end":{"line":240,"column":null}},"line":228},"12":{"name":"handleBuyTerritory","decl":{"start":{"line":242,"column":9},"end":{"line":242,"column":28}},"loc":{"start":{"line":242,"column":80},"end":{"line":261,"column":null}},"line":242},"13":{"name":"handlePassBuy","decl":{"start":{"line":263,"column":9},"end":{"line":263,"column":23}},"loc":{"start":{"line":263,"column":75},"end":{"line":276,"column":null}},"line":263},"14":{"name":"applyRent","decl":{"start":{"line":278,"column":9},"end":{"line":278,"column":19}},"loc":{"start":{"line":278,"column":99},"end":{"line":307,"column":null}},"line":278},"15":{"name":"(anonymous_15)","decl":{"start":{"line":279,"column":31},"end":{"line":279,"column":36}},"loc":{"start":{"line":279,"column":36},"end":{"line":279,"column":55}},"line":279},"16":{"name":"checkVictory","decl":{"start":{"line":309,"column":9},"end":{"line":309,"column":22}},"loc":{"start":{"line":309,"column":42},"end":{"line":324,"column":null}},"line":309},"17":{"name":"(anonymous_17)","decl":{"start":{"line":310,"column":33},"end":{"line":310,"column":38}},"loc":{"start":{"line":310,"column":38},"end":{"line":310,"column":53}},"line":310},"18":{"name":"(anonymous_18)","decl":{"start":{"line":319,"column":49},"end":{"line":319,"column":54}},"loc":{"start":{"line":319,"column":54},"end":{"line":319,"column":120}},"line":319},"19":{"name":"(anonymous_19)","decl":{"start":{"line":320,"column":35},"end":{"line":320,"column":36}},"loc":{"start":{"line":320,"column":45},"end":{"line":320,"column":65}},"line":320},"20":{"name":"handleBuild","decl":{"start":{"line":326,"column":9},"end":{"line":326,"column":21}},"loc":{"start":{"line":326,"column":92},"end":{"line":345,"column":null}},"line":326},"21":{"name":"handleRecruit","decl":{"start":{"line":347,"column":9},"end":{"line":347,"column":23}},"loc":{"start":{"line":347,"column":110},"end":{"line":365,"column":null}},"line":347},"22":{"name":"handleDeployMobile","decl":{"start":{"line":367,"column":9},"end":{"line":367,"column":28}},"loc":{"start":{"line":367,"column":99},"end":{"line":383,"column":null}},"line":367},"23":{"name":"(anonymous_23)","decl":{"start":{"line":371,"column":45},"end":{"line":371,"column":50}},"loc":{"start":{"line":371,"column":50},"end":{"line":371,"column":61}},"line":371},"24":{"name":"(anonymous_24)","decl":{"start":{"line":378,"column":45},"end":{"line":378,"column":50}},"loc":{"start":{"line":378,"column":50},"end":{"line":378,"column":61}},"line":378},"25":{"name":"handleDeployGarrison","decl":{"start":{"line":385,"column":9},"end":{"line":385,"column":30}},"loc":{"start":{"line":385,"column":120},"end":{"line":406,"column":null}},"line":385},"26":{"name":"(anonymous_26)","decl":{"start":{"line":394,"column":45},"end":{"line":394,"column":50}},"loc":{"start":{"line":394,"column":50},"end":{"line":394,"column":61}},"line":394},"27":{"name":"(anonymous_27)","decl":{"start":{"line":401,"column":45},"end":{"line":401,"column":50}},"loc":{"start":{"line":401,"column":50},"end":{"line":401,"column":61}},"line":401},"28":{"name":"handleTransferToGarrison","decl":{"start":{"line":408,"column":9},"end":{"line":408,"column":34}},"loc":{"start":{"line":408,"column":105},"end":{"line":425,"column":null}},"line":408},"29":{"name":"(anonymous_29)","decl":{"start":{"line":417,"column":44},"end":{"line":417,"column":49}},"loc":{"start":{"line":417,"column":49},"end":{"line":417,"column":60}},"line":417},"30":{"name":"handleTransferToMobile","decl":{"start":{"line":427,"column":9},"end":{"line":427,"column":32}},"loc":{"start":{"line":427,"column":103},"end":{"line":444,"column":null}},"line":427},"31":{"name":"(anonymous_31)","decl":{"start":{"line":436,"column":40},"end":{"line":436,"column":45}},"loc":{"start":{"line":436,"column":45},"end":{"line":436,"column":56}},"line":436},"32":{"name":"handleSellTerritory","decl":{"start":{"line":446,"column":9},"end":{"line":446,"column":29}},"loc":{"start":{"line":446,"column":100},"end":{"line":468,"column":null}},"line":446},"33":{"name":"(anonymous_33)","decl":{"start":{"line":465,"column":59},"end":{"line":465,"column":64}},"loc":{"start":{"line":465,"column":64},"end":{"line":465,"column":79}},"line":465},"34":{"name":"handleEndManagement","decl":{"start":{"line":470,"column":9},"end":{"line":470,"column":29}},"loc":{"start":{"line":470,"column":81},"end":{"line":495,"column":null}},"line":470},"35":{"name":"handlePlayCard","decl":{"start":{"line":497,"column":9},"end":{"line":497,"column":24}},"loc":{"start":{"line":497,"column":118},"end":{"line":557,"column":null}},"line":497},"36":{"name":"(anonymous_36)","decl":{"start":{"line":499,"column":40},"end":{"line":499,"column":45}},"loc":{"start":{"line":499,"column":45},"end":{"line":499,"column":60}},"line":499},"37":{"name":"(anonymous_37)","decl":{"start":{"line":516,"column":42},"end":{"line":516,"column":47}},"loc":{"start":{"line":516,"column":47},"end":{"line":516,"column":62}},"line":516},"38":{"name":"handleCombatChoice","decl":{"start":{"line":559,"column":9},"end":{"line":559,"column":28}},"loc":{"start":{"line":559,"column":123},"end":{"line":615,"column":null}},"line":559},"39":{"name":"(anonymous_39)","decl":{"start":{"line":562,"column":31},"end":{"line":562,"column":36}},"loc":{"start":{"line":562,"column":36},"end":{"line":562,"column":55}},"line":562},"40":{"name":"handleCombatPlayCard","decl":{"start":{"line":617,"column":9},"end":{"line":617,"column":30}},"loc":{"start":{"line":617,"column":98},"end":{"line":638,"column":null}},"line":617},"41":{"name":"(anonymous_41)","decl":{"start":{"line":623,"column":40},"end":{"line":623,"column":45}},"loc":{"start":{"line":623,"column":45},"end":{"line":623,"column":60}},"line":623},"42":{"name":"handleCombatReady","decl":{"start":{"line":640,"column":9},"end":{"line":640,"column":27}},"loc":{"start":{"line":640,"column":79},"end":{"line":718,"column":null}},"line":640},"43":{"name":"(anonymous_43)","decl":{"start":{"line":646,"column":34},"end":{"line":646,"column":39}},"loc":{"start":{"line":646,"column":39},"end":{"line":646,"column":65}},"line":646},"44":{"name":"(anonymous_44)","decl":{"start":{"line":651,"column":32},"end":{"line":651,"column":37}},"loc":{"start":{"line":651,"column":37},"end":{"line":651,"column":65}},"line":651},"45":{"name":"(anonymous_45)","decl":{"start":{"line":654,"column":65},"end":{"line":654,"column":71}},"loc":{"start":{"line":654,"column":71},"end":{"line":654,"column":80}},"line":654},"46":{"name":"(anonymous_46)","decl":{"start":{"line":658,"column":55},"end":{"line":658,"column":56}},"loc":{"start":{"line":658,"column":67},"end":{"line":658,"column":88}},"line":658},"47":{"name":"(anonymous_47)","decl":{"start":{"line":659,"column":49},"end":{"line":659,"column":50}},"loc":{"start":{"line":659,"column":61},"end":{"line":659,"column":82}},"line":659},"48":{"name":"(anonymous_48)","decl":{"start":{"line":673,"column":46},"end":{"line":673,"column":47}},"loc":{"start":{"line":673,"column":56},"end":{"line":673,"column":63}},"line":673},"49":{"name":"(anonymous_49)","decl":{"start":{"line":674,"column":46},"end":{"line":674,"column":47}},"loc":{"start":{"line":674,"column":56},"end":{"line":674,"column":63}},"line":674},"50":{"name":"(anonymous_50)","decl":{"start":{"line":698,"column":43},"end":{"line":698,"column":44}},"loc":{"start":{"line":698,"column":53},"end":{"line":698,"column":82}},"line":698},"51":{"name":"(anonymous_51)","decl":{"start":{"line":700,"column":41},"end":{"line":700,"column":46}},"loc":{"start":{"line":700,"column":46},"end":{"line":700,"column":86}},"line":700},"52":{"name":"(anonymous_52)","decl":{"start":{"line":700,"column":67},"end":{"line":700,"column":72}},"loc":{"start":{"line":700,"column":72},"end":{"line":700,"column":85}},"line":700},"53":{"name":"(anonymous_53)","decl":{"start":{"line":703,"column":49},"end":{"line":703,"column":50}},"loc":{"start":{"line":703,"column":59},"end":{"line":703,"column":88}},"line":703},"54":{"name":"(anonymous_54)","decl":{"start":{"line":705,"column":53},"end":{"line":705,"column":58}},"loc":{"start":{"line":705,"column":58},"end":{"line":705,"column":98}},"line":705},"55":{"name":"(anonymous_55)","decl":{"start":{"line":705,"column":79},"end":{"line":705,"column":84}},"loc":{"start":{"line":705,"column":84},"end":{"line":705,"column":97}},"line":705},"56":{"name":"handleDiscardCard","decl":{"start":{"line":720,"column":9},"end":{"line":720,"column":27}},"loc":{"start":{"line":720,"column":95},"end":{"line":729,"column":null}},"line":720},"57":{"name":"(anonymous_57)","decl":{"start":{"line":722,"column":40},"end":{"line":722,"column":45}},"loc":{"start":{"line":722,"column":45},"end":{"line":722,"column":60}},"line":722},"58":{"name":"shouldRevealGarrison","decl":{"start":{"line":785,"column":9},"end":{"line":785,"column":30}},"loc":{"start":{"line":785,"column":87},"end":{"line":791,"column":null}},"line":785},"59":{"name":"(anonymous_59)","decl":{"start":{"line":787,"column":36},"end":{"line":787,"column":41}},"loc":{"start":{"line":787,"column":41},"end":{"line":787,"column":58}},"line":787},"60":{"name":"createPlayerView","decl":{"start":{"line":793,"column":16},"end":{"line":793,"column":33}},"loc":{"start":{"line":793,"column":81},"end":{"line":844,"column":null}},"line":793},"61":{"name":"(anonymous_61)","decl":{"start":{"line":803,"column":31},"end":{"line":803,"column":37}},"loc":{"start":{"line":803,"column":37},"end":{"line":820,"column":6}},"line":803},"62":{"name":"(anonymous_62)","decl":{"start":{"line":821,"column":27},"end":{"line":821,"column":35}},"loc":{"start":{"line":821,"column":35},"end":{"line":837,"column":5}},"line":821}},"branchMap":{"0":{"loc":{"start":{"line":76,"column":26},"end":{"line":76,"column":81}},"type":"cond-expr","locations":[{"start":{"line":76,"column":54},"end":{"line":76,"column":68}},{"start":{"line":76,"column":68},"end":{"line":76,"column":81}}],"line":76},"1":{"loc":{"start":{"line":77,"column":20},"end":{"line":77,"column":null}},"type":"cond-expr","locations":[{"start":{"line":77,"column":48},"end":{"line":77,"column":78}},{"start":{"line":77,"column":78},"end":{"line":77,"column":null}}],"line":77},"2":{"loc":{"start":{"line":78,"column":21},"end":{"line":78,"column":null}},"type":"binary-expr","locations":[{"start":{"line":78,"column":21},"end":{"line":78,"column":56}},{"start":{"line":78,"column":56},"end":{"line":78,"column":null}}],"line":78},"3":{"loc":{"start":{"line":107,"column":2},"end":{"line":113,"column":null}},"type":"switch","locations":[{"start":{"line":108,"column":4},"end":{"line":108,"column":null}},{"start":{"line":109,"column":4},"end":{"line":109,"column":null}},{"start":{"line":110,"column":4},"end":{"line":110,"column":null}},{"start":{"line":111,"column":4},"end":{"line":111,"column":null}},{"start":{"line":112,"column":4},"end":{"line":112,"column":null}}],"line":107},"4":{"loc":{"start":{"line":125,"column":2},"end":{"line":162,"column":null}},"type":"switch","locations":[{"start":{"line":126,"column":4},"end":{"line":127,"column":null}},{"start":{"line":128,"column":4},"end":{"line":129,"column":null}},{"start":{"line":130,"column":4},"end":{"line":131,"column":null}},{"start":{"line":132,"column":4},"end":{"line":133,"column":null}},{"start":{"line":134,"column":4},"end":{"line":135,"column":null}},{"start":{"line":136,"column":4},"end":{"line":137,"column":null}},{"start":{"line":138,"column":4},"end":{"line":139,"column":null}},{"start":{"line":140,"column":4},"end":{"line":141,"column":null}},{"start":{"line":142,"column":4},"end":{"line":143,"column":null}},{"start":{"line":144,"column":4},"end":{"line":145,"column":null}},{"start":{"line":146,"column":4},"end":{"line":147,"column":null}},{"start":{"line":148,"column":4},"end":{"line":149,"column":null}},{"start":{"line":150,"column":4},"end":{"line":151,"column":null}},{"start":{"line":152,"column":4},"end":{"line":153,"column":null}},{"start":{"line":154,"column":4},"end":{"line":155,"column":null}},{"start":{"line":156,"column":4},"end":{"line":157,"column":null}},{"start":{"line":158,"column":4},"end":{"line":159,"column":null}},{"start":{"line":160,"column":4},"end":{"line":161,"column":null}}],"line":125},"5":{"loc":{"start":{"line":168,"column":2},"end":{"line":170,"column":null}},"type":"if","locations":[{"start":{"line":168,"column":2},"end":{"line":170,"column":null}},{"start":{},"end":{}}],"line":168},"6":{"loc":{"start":{"line":178,"column":2},"end":{"line":180,"column":null}},"type":"if","locations":[{"start":{"line":178,"column":2},"end":{"line":180,"column":null}},{"start":{},"end":{}}],"line":178},"7":{"loc":{"start":{"line":194,"column":2},"end":{"line":202,"column":null}},"type":"if","locations":[{"start":{"line":194,"column":2},"end":{"line":202,"column":null}},{"start":{},"end":{}}],"line":194},"8":{"loc":{"start":{"line":194,"column":6},"end":{"line":194,"column":56}},"type":"binary-expr","locations":[{"start":{"line":194,"column":6},"end":{"line":194,"column":26}},{"start":{"line":194,"column":26},"end":{"line":194,"column":56}}],"line":194},"9":{"loc":{"start":{"line":196,"column":4},"end":{"line":201,"column":null}},"type":"if","locations":[{"start":{"line":196,"column":4},"end":{"line":201,"column":null}},{"start":{"line":198,"column":11},"end":{"line":201,"column":null}}],"line":196},"10":{"loc":{"start":{"line":214,"column":2},"end":{"line":216,"column":null}},"type":"if","locations":[{"start":{"line":214,"column":2},"end":{"line":216,"column":null}},{"start":{},"end":{}}],"line":214},"11":{"loc":{"start":{"line":218,"column":2},"end":{"line":220,"column":null}},"type":"if","locations":[{"start":{"line":218,"column":2},"end":{"line":220,"column":null}},{"start":{},"end":{}}],"line":218},"12":{"loc":{"start":{"line":222,"column":2},"end":{"line":225,"column":null}},"type":"if","locations":[{"start":{"line":222,"column":2},"end":{"line":225,"column":null}},{"start":{},"end":{}}],"line":222},"13":{"loc":{"start":{"line":229,"column":2},"end":{"line":229,"column":null}},"type":"if","locations":[{"start":{"line":229,"column":2},"end":{"line":229,"column":null}},{"start":{},"end":{}}],"line":229},"14":{"loc":{"start":{"line":230,"column":2},"end":{"line":235,"column":null}},"type":"if","locations":[{"start":{"line":230,"column":2},"end":{"line":235,"column":null}},{"start":{},"end":{}}],"line":230},"15":{"loc":{"start":{"line":232,"column":4},"end":{"line":232,"column":null}},"type":"if","locations":[{"start":{"line":232,"column":4},"end":{"line":232,"column":null}},{"start":{},"end":{}}],"line":232},"16":{"loc":{"start":{"line":237,"column":2},"end":{"line":239,"column":null}},"type":"if","locations":[{"start":{"line":237,"column":2},"end":{"line":239,"column":null}},{"start":{},"end":{}}],"line":237},"17":{"loc":{"start":{"line":246,"column":2},"end":{"line":248,"column":null}},"type":"if","locations":[{"start":{"line":246,"column":2},"end":{"line":248,"column":null}},{"start":{},"end":{}}],"line":246},"18":{"loc":{"start":{"line":249,"column":2},"end":{"line":251,"column":null}},"type":"if","locations":[{"start":{"line":249,"column":2},"end":{"line":251,"column":null}},{"start":{},"end":{}}],"line":249},"19":{"loc":{"start":{"line":252,"column":2},"end":{"line":254,"column":null}},"type":"if","locations":[{"start":{"line":252,"column":2},"end":{"line":254,"column":null}},{"start":{},"end":{}}],"line":252},"20":{"loc":{"start":{"line":252,"column":6},"end":{"line":252,"column":70}},"type":"binary-expr","locations":[{"start":{"line":252,"column":6},"end":{"line":252,"column":36}},{"start":{"line":252,"column":36},"end":{"line":252,"column":70}}],"line":252},"21":{"loc":{"start":{"line":268,"column":2},"end":{"line":272,"column":null}},"type":"if","locations":[{"start":{"line":268,"column":2},"end":{"line":272,"column":null}},{"start":{},"end":{}}],"line":268},"22":{"loc":{"start":{"line":268,"column":6},"end":{"line":268,"column":84}},"type":"binary-expr","locations":[{"start":{"line":268,"column":6},"end":{"line":268,"column":35}},{"start":{"line":268,"column":35},"end":{"line":268,"column":58}},{"start":{"line":268,"column":58},"end":{"line":268,"column":84}}],"line":268},"23":{"loc":{"start":{"line":270,"column":4},"end":{"line":270,"column":null}},"type":"if","locations":[{"start":{"line":270,"column":4},"end":{"line":270,"column":null}},{"start":{},"end":{}}],"line":270},"24":{"loc":{"start":{"line":280,"column":2},"end":{"line":280,"column":null}},"type":"if","locations":[{"start":{"line":280,"column":2},"end":{"line":280,"column":null}},{"start":{},"end":{}}],"line":280},"25":{"loc":{"start":{"line":280,"column":6},"end":{"line":280,"column":32}},"type":"binary-expr","locations":[{"start":{"line":280,"column":6},"end":{"line":280,"column":16}},{"start":{"line":280,"column":16},"end":{"line":280,"column":32}}],"line":280},"26":{"loc":{"start":{"line":282,"column":21},"end":{"line":282,"column":null}},"type":"binary-expr","locations":[{"start":{"line":282,"column":21},"end":{"line":282,"column":67}},{"start":{"line":282,"column":67},"end":{"line":282,"column":null}}],"line":282},"27":{"loc":{"start":{"line":285,"column":2},"end":{"line":302,"column":null}},"type":"if","locations":[{"start":{"line":285,"column":2},"end":{"line":302,"column":null}},{"start":{},"end":{}}],"line":285},"28":{"loc":{"start":{"line":287,"column":4},"end":{"line":295,"column":null}},"type":"if","locations":[{"start":{"line":287,"column":4},"end":{"line":295,"column":null}},{"start":{},"end":{}}],"line":287},"29":{"loc":{"start":{"line":311,"column":2},"end":{"line":323,"column":null}},"type":"if","locations":[{"start":{"line":311,"column":2},"end":{"line":323,"column":null}},{"start":{},"end":{}}],"line":311},"30":{"loc":{"start":{"line":314,"column":4},"end":{"line":322,"column":null}},"type":"if","locations":[{"start":{"line":314,"column":4},"end":{"line":322,"column":null}},{"start":{"line":316,"column":11},"end":{"line":322,"column":null}}],"line":314},"31":{"loc":{"start":{"line":319,"column":54},"end":{"line":319,"column":120}},"type":"binary-expr","locations":[{"start":{"line":319,"column":54},"end":{"line":319,"column":72}},{"start":{"line":319,"column":72},"end":{"line":319,"column":89}},{"start":{"line":319,"column":89},"end":{"line":319,"column":120}}],"line":319},"32":{"loc":{"start":{"line":321,"column":17},"end":{"line":321,"column":null}},"type":"binary-expr","locations":[{"start":{"line":321,"column":17},"end":{"line":321,"column":30}},{"start":{"line":321,"column":30},"end":{"line":321,"column":null}}],"line":321},"33":{"loc":{"start":{"line":330,"column":2},"end":{"line":332,"column":null}},"type":"if","locations":[{"start":{"line":330,"column":2},"end":{"line":332,"column":null}},{"start":{},"end":{}}],"line":330},"34":{"loc":{"start":{"line":333,"column":2},"end":{"line":335,"column":null}},"type":"if","locations":[{"start":{"line":333,"column":2},"end":{"line":335,"column":null}},{"start":{},"end":{}}],"line":333},"35":{"loc":{"start":{"line":338,"column":2},"end":{"line":340,"column":null}},"type":"if","locations":[{"start":{"line":338,"column":2},"end":{"line":340,"column":null}},{"start":{},"end":{}}],"line":338},"36":{"loc":{"start":{"line":348,"column":2},"end":{"line":350,"column":null}},"type":"if","locations":[{"start":{"line":348,"column":2},"end":{"line":350,"column":null}},{"start":{},"end":{}}],"line":348},"37":{"loc":{"start":{"line":356,"column":2},"end":{"line":358,"column":null}},"type":"if","locations":[{"start":{"line":356,"column":2},"end":{"line":358,"column":null}},{"start":{},"end":{}}],"line":356},"38":{"loc":{"start":{"line":372,"column":4},"end":{"line":374,"column":null}},"type":"if","locations":[{"start":{"line":372,"column":4},"end":{"line":374,"column":null}},{"start":{},"end":{}}],"line":372},"39":{"loc":{"start":{"line":389,"column":2},"end":{"line":391,"column":null}},"type":"if","locations":[{"start":{"line":389,"column":2},"end":{"line":391,"column":null}},{"start":{},"end":{}}],"line":389},"40":{"loc":{"start":{"line":395,"column":4},"end":{"line":397,"column":null}},"type":"if","locations":[{"start":{"line":395,"column":4},"end":{"line":397,"column":null}},{"start":{},"end":{}}],"line":395},"41":{"loc":{"start":{"line":412,"column":2},"end":{"line":414,"column":null}},"type":"if","locations":[{"start":{"line":412,"column":2},"end":{"line":414,"column":null}},{"start":{},"end":{}}],"line":412},"42":{"loc":{"start":{"line":418,"column":4},"end":{"line":420,"column":null}},"type":"if","locations":[{"start":{"line":418,"column":4},"end":{"line":420,"column":null}},{"start":{},"end":{}}],"line":418},"43":{"loc":{"start":{"line":431,"column":2},"end":{"line":433,"column":null}},"type":"if","locations":[{"start":{"line":431,"column":2},"end":{"line":433,"column":null}},{"start":{},"end":{}}],"line":431},"44":{"loc":{"start":{"line":437,"column":4},"end":{"line":439,"column":null}},"type":"if","locations":[{"start":{"line":437,"column":4},"end":{"line":439,"column":null}},{"start":{},"end":{}}],"line":437},"45":{"loc":{"start":{"line":450,"column":2},"end":{"line":452,"column":null}},"type":"if","locations":[{"start":{"line":450,"column":2},"end":{"line":452,"column":null}},{"start":{},"end":{}}],"line":450},"46":{"loc":{"start":{"line":455,"column":32},"end":{"line":455,"column":58}},"type":"binary-expr","locations":[{"start":{"line":455,"column":32},"end":{"line":455,"column":53}},{"start":{"line":455,"column":53},"end":{"line":455,"column":58}}],"line":455},"47":{"loc":{"start":{"line":472,"column":2},"end":{"line":476,"column":null}},"type":"if","locations":[{"start":{"line":472,"column":2},"end":{"line":476,"column":null}},{"start":{},"end":{}}],"line":472},"48":{"loc":{"start":{"line":482,"column":9},"end":{"line":482,"column":69}},"type":"binary-expr","locations":[{"start":{"line":482,"column":9},"end":{"line":482,"column":44}},{"start":{"line":482,"column":44},"end":{"line":482,"column":69}}],"line":482},"49":{"loc":{"start":{"line":488,"column":2},"end":{"line":490,"column":null}},"type":"if","locations":[{"start":{"line":488,"column":2},"end":{"line":490,"column":null}},{"start":{},"end":{}}],"line":488},"50":{"loc":{"start":{"line":500,"column":2},"end":{"line":502,"column":null}},"type":"if","locations":[{"start":{"line":500,"column":2},"end":{"line":502,"column":null}},{"start":{},"end":{}}],"line":500},"51":{"loc":{"start":{"line":506,"column":2},"end":{"line":551,"column":null}},"type":"switch","locations":[{"start":{"line":507,"column":4},"end":{"line":509,"column":null}},{"start":{"line":511,"column":4},"end":{"line":513,"column":null}},{"start":{"line":515,"column":4},"end":{"line":521,"column":null}},{"start":{"line":523,"column":4},"end":{"line":525,"column":null}},{"start":{"line":527,"column":4},"end":{"line":533,"column":null}},{"start":{"line":535,"column":4},"end":{"line":540,"column":null}},{"start":{"line":542,"column":4},"end":{"line":547,"column":null}},{"start":{"line":549,"column":4},"end":{"line":550,"column":null}}],"line":506},"52":{"loc":{"start":{"line":517,"column":6},"end":{"line":519,"column":null}},"type":"if","locations":[{"start":{"line":517,"column":6},"end":{"line":519,"column":null}},{"start":{},"end":{}}],"line":517},"53":{"loc":{"start":{"line":529,"column":6},"end":{"line":531,"column":null}},"type":"if","locations":[{"start":{"line":529,"column":6},"end":{"line":531,"column":null}},{"start":{},"end":{}}],"line":529},"54":{"loc":{"start":{"line":564,"column":2},"end":{"line":586,"column":null}},"type":"if","locations":[{"start":{"line":564,"column":2},"end":{"line":586,"column":null}},{"start":{},"end":{}}],"line":564},"55":{"loc":{"start":{"line":565,"column":4},"end":{"line":567,"column":null}},"type":"if","locations":[{"start":{"line":565,"column":4},"end":{"line":567,"column":null}},{"start":{},"end":{}}],"line":565},"56":{"loc":{"start":{"line":588,"column":2},"end":{"line":599,"column":null}},"type":"if","locations":[{"start":{"line":588,"column":2},"end":{"line":599,"column":null}},{"start":{},"end":{}}],"line":588},"57":{"loc":{"start":{"line":590,"column":4},"end":{"line":595,"column":null}},"type":"if","locations":[{"start":{"line":590,"column":4},"end":{"line":595,"column":null}},{"start":{},"end":{}}],"line":590},"58":{"loc":{"start":{"line":590,"column":8},"end":{"line":590,"column":32}},"type":"binary-expr","locations":[{"start":{"line":590,"column":8},"end":{"line":590,"column":25}},{"start":{"line":590,"column":25},"end":{"line":590,"column":32}}],"line":590},"59":{"loc":{"start":{"line":591,"column":25},"end":{"line":591,"column":null}},"type":"binary-expr","locations":[{"start":{"line":591,"column":25},"end":{"line":591,"column":71}},{"start":{"line":591,"column":71},"end":{"line":591,"column":null}}],"line":591},"60":{"loc":{"start":{"line":601,"column":2},"end":{"line":612,"column":null}},"type":"if","locations":[{"start":{"line":601,"column":2},"end":{"line":612,"column":null}},{"start":{},"end":{}}],"line":601},"61":{"loc":{"start":{"line":603,"column":4},"end":{"line":608,"column":null}},"type":"if","locations":[{"start":{"line":603,"column":4},"end":{"line":608,"column":null}},{"start":{},"end":{}}],"line":603},"62":{"loc":{"start":{"line":603,"column":8},"end":{"line":603,"column":32}},"type":"binary-expr","locations":[{"start":{"line":603,"column":8},"end":{"line":603,"column":25}},{"start":{"line":603,"column":25},"end":{"line":603,"column":32}}],"line":603},"63":{"loc":{"start":{"line":604,"column":25},"end":{"line":604,"column":null}},"type":"binary-expr","locations":[{"start":{"line":604,"column":25},"end":{"line":604,"column":71}},{"start":{"line":604,"column":71},"end":{"line":604,"column":null}}],"line":604},"64":{"loc":{"start":{"line":618,"column":2},"end":{"line":620,"column":null}},"type":"if","locations":[{"start":{"line":618,"column":2},"end":{"line":620,"column":null}},{"start":{},"end":{}}],"line":618},"65":{"loc":{"start":{"line":624,"column":2},"end":{"line":626,"column":null}},"type":"if","locations":[{"start":{"line":624,"column":2},"end":{"line":626,"column":null}},{"start":{},"end":{}}],"line":624},"66":{"loc":{"start":{"line":631,"column":2},"end":{"line":635,"column":null}},"type":"if","locations":[{"start":{"line":631,"column":2},"end":{"line":635,"column":null}},{"start":{"line":633,"column":9},"end":{"line":635,"column":null}}],"line":631},"67":{"loc":{"start":{"line":641,"column":2},"end":{"line":643,"column":null}},"type":"if","locations":[{"start":{"line":641,"column":2},"end":{"line":643,"column":null}},{"start":{},"end":{}}],"line":641},"68":{"loc":{"start":{"line":651,"column":2},"end":{"line":653,"column":null}},"type":"if","locations":[{"start":{"line":651,"column":2},"end":{"line":653,"column":null}},{"start":{},"end":{}}],"line":651},"69":{"loc":{"start":{"line":664,"column":4},"end":{"line":664,"column":null}},"type":"if","locations":[{"start":{"line":664,"column":4},"end":{"line":664,"column":null}},{"start":{},"end":{}}],"line":664},"70":{"loc":{"start":{"line":665,"column":4},"end":{"line":665,"column":null}},"type":"if","locations":[{"start":{"line":665,"column":4},"end":{"line":665,"column":null}},{"start":{},"end":{}}],"line":665},"71":{"loc":{"start":{"line":669,"column":4},"end":{"line":669,"column":null}},"type":"if","locations":[{"start":{"line":669,"column":4},"end":{"line":669,"column":null}},{"start":{},"end":{}}],"line":669},"72":{"loc":{"start":{"line":670,"column":4},"end":{"line":670,"column":null}},"type":"if","locations":[{"start":{"line":670,"column":4},"end":{"line":670,"column":null}},{"start":{},"end":{}}],"line":670},"73":{"loc":{"start":{"line":680,"column":2},"end":{"line":684,"column":null}},"type":"if","locations":[{"start":{"line":680,"column":2},"end":{"line":684,"column":null}},{"start":{},"end":{}}],"line":680},"74":{"loc":{"start":{"line":687,"column":17},"end":{"line":687,"column":null}},"type":"cond-expr","locations":[{"start":{"line":687,"column":49},"end":{"line":687,"column":67}},{"start":{"line":687,"column":67},"end":{"line":687,"column":null}}],"line":687},"75":{"loc":{"start":{"line":691,"column":20},"end":{"line":691,"column":null}},"type":"cond-expr","locations":[{"start":{"line":691,"column":32},"end":{"line":691,"column":36}},{"start":{"line":691,"column":36},"end":{"line":691,"column":null}}],"line":691},"76":{"loc":{"start":{"line":691,"column":36},"end":{"line":691,"column":null}},"type":"cond-expr","locations":[{"start":{"line":691,"column":48},"end":{"line":691,"column":52}},{"start":{"line":691,"column":52},"end":{"line":691,"column":null}}],"line":691},"77":{"loc":{"start":{"line":696,"column":2},"end":{"line":706,"column":null}},"type":"if","locations":[{"start":{"line":696,"column":2},"end":{"line":706,"column":null}},{"start":{"line":701,"column":9},"end":{"line":706,"column":null}}],"line":696},"78":{"loc":{"start":{"line":723,"column":2},"end":{"line":725,"column":null}},"type":"if","locations":[{"start":{"line":723,"column":2},"end":{"line":725,"column":null}},{"start":{},"end":{}}],"line":723},"79":{"loc":{"start":{"line":786,"column":2},"end":{"line":786,"column":null}},"type":"if","locations":[{"start":{"line":786,"column":2},"end":{"line":786,"column":null}},{"start":{},"end":{}}],"line":786},"80":{"loc":{"start":{"line":788,"column":2},"end":{"line":788,"column":null}},"type":"if","locations":[{"start":{"line":788,"column":2},"end":{"line":788,"column":null}},{"start":{},"end":{}}],"line":788},"81":{"loc":{"start":{"line":789,"column":2},"end":{"line":789,"column":null}},"type":"if","locations":[{"start":{"line":789,"column":2},"end":{"line":789,"column":null}},{"start":{},"end":{}}],"line":789},"82":{"loc":{"start":{"line":811,"column":19},"end":{"line":811,"column":null}},"type":"cond-expr","locations":[{"start":{"line":811,"column":39},"end":{"line":811,"column":55}},{"start":{"line":811,"column":55},"end":{"line":811,"column":null}}],"line":811},"83":{"loc":{"start":{"line":813,"column":12},"end":{"line":813,"column":null}},"type":"cond-expr","locations":[{"start":{"line":813,"column":32},"end":{"line":813,"column":41}},{"start":{"line":813,"column":41},"end":{"line":813,"column":null}}],"line":813},"84":{"loc":{"start":{"line":832,"column":18},"end":{"line":832,"column":null}},"type":"cond-expr","locations":[{"start":{"line":832,"column":27},"end":{"line":832,"column":44}},{"start":{"line":832,"column":44},"end":{"line":832,"column":null}}],"line":832},"85":{"loc":{"start":{"line":832,"column":44},"end":{"line":832,"column":null}},"type":"cond-expr","locations":[{"start":{"line":832,"column":71},"end":{"line":832,"column":91}},{"start":{"line":832,"column":91},"end":{"line":832,"column":null}}],"line":832},"86":{"loc":{"start":{"line":834,"column":21},"end":{"line":834,"column":null}},"type":"cond-expr","locations":[{"start":{"line":834,"column":55},"end":{"line":834,"column":74}},{"start":{"line":834,"column":74},"end":{"line":834,"column":null}}],"line":834},"87":{"loc":{"start":{"line":835,"column":23},"end":{"line":835,"column":null}},"type":"cond-expr","locations":[{"start":{"line":835,"column":57},"end":{"line":835,"column":78}},{"start":{"line":835,"column":78},"end":{"line":835,"column":null}}],"line":835}},"s":{"0":6,"1":6,"2":24,"3":218,"4":85,"5":85,"6":85,"7":935,"8":935,"9":935,"10":2550,"11":85,"12":85,"13":2465,"14":2465,"15":85,"16":6,"17":194,"18":85,"19":85,"20":85,"21":85,"22":85,"23":85,"24":194,"25":85,"26":0,"27":0,"28":0,"29":0,"30":0,"31":0,"32":133,"33":133,"34":73,"35":7,"36":5,"37":6,"38":5,"39":5,"40":2,"41":2,"42":2,"43":1,"44":4,"45":4,"46":7,"47":4,"48":2,"49":3,"50":1,"51":0,"52":73,"53":1,"54":72,"55":72,"56":72,"57":72,"58":7,"59":1,"60":6,"61":6,"62":6,"63":6,"64":6,"65":6,"66":6,"67":6,"68":6,"69":6,"70":2,"71":2,"72":0,"73":6,"74":6,"75":6,"76":6,"77":0,"78":0,"79":0,"80":0,"81":0,"82":0,"83":0,"84":0,"85":0,"86":0,"87":0,"88":0,"89":0,"90":0,"91":0,"92":0,"93":0,"94":5,"95":5,"96":5,"97":1,"98":4,"99":1,"100":3,"101":1,"102":2,"103":2,"104":2,"105":2,"106":2,"107":6,"108":6,"109":6,"110":5,"111":5,"112":0,"113":5,"114":6,"115":6,"116":5,"117":10,"118":5,"119":0,"120":5,"121":5,"122":5,"123":2,"124":2,"125":2,"126":2,"127":2,"128":2,"129":0,"130":0,"131":0,"132":0,"133":0,"134":3,"135":3,"136":3,"137":2,"138":4,"139":2,"140":2,"141":2,"142":2,"143":1,"144":1,"145":1,"146":1,"147":2,"148":1,"149":5,"150":5,"151":5,"152":1,"153":4,"154":1,"155":3,"156":3,"157":1,"158":2,"159":2,"160":2,"161":5,"162":1,"163":4,"164":4,"165":4,"166":4,"167":1,"168":3,"169":3,"170":3,"171":4,"172":3,"173":2,"174":2,"175":2,"176":2,"177":2,"178":1,"179":1,"180":1,"181":1,"182":1,"183":1,"184":1,"185":2,"186":2,"187":2,"188":1,"189":1,"190":1,"191":1,"192":1,"193":0,"194":1,"195":1,"196":1,"197":1,"198":1,"199":1,"200":2,"201":2,"202":2,"203":1,"204":1,"205":1,"206":1,"207":1,"208":0,"209":1,"210":1,"211":1,"212":1,"213":1,"214":1,"215":0,"216":1,"217":1,"218":1,"219":1,"220":0,"221":1,"222":1,"223":1,"224":4,"225":4,"226":4,"227":1,"228":3,"229":4,"230":4,"231":4,"232":4,"233":4,"234":4,"235":3,"236":4,"237":4,"238":1,"239":1,"240":1,"241":3,"242":3,"243":3,"244":3,"245":1,"246":1,"247":3,"248":1,"249":3,"250":3,"251":3,"252":7,"253":7,"254":7,"255":7,"256":0,"257":7,"258":7,"259":1,"260":1,"261":1,"262":1,"263":1,"264":2,"265":1,"266":1,"267":1,"268":1,"269":1,"270":1,"271":1,"272":1,"273":1,"274":1,"275":1,"276":1,"277":1,"278":1,"279":1,"280":1,"281":1,"282":0,"283":7,"284":7,"285":7,"286":4,"287":4,"288":4,"289":8,"290":4,"291":2,"292":1,"293":1,"294":1,"295":1,"296":2,"297":1,"298":1,"299":1,"300":1,"301":1,"302":1,"303":1,"304":1,"305":1,"306":1,"307":1,"308":1,"309":1,"310":1,"311":1,"312":1,"313":1,"314":0,"315":2,"316":0,"317":2,"318":2,"319":2,"320":2,"321":0,"322":2,"323":2,"324":2,"325":2,"326":0,"327":2,"328":3,"329":0,"330":3,"331":3,"332":3,"333":3,"334":3,"335":3,"336":0,"337":0,"338":3,"339":6,"340":3,"341":3,"342":5,"343":3,"344":3,"345":3,"346":3,"347":0,"348":0,"349":0,"350":0,"351":3,"352":3,"353":0,"354":0,"355":0,"356":0,"357":3,"358":6,"359":3,"360":6,"361":3,"362":3,"363":3,"364":1,"365":1,"366":1,"367":3,"368":3,"369":3,"370":3,"371":3,"372":3,"373":2,"374":0,"375":2,"376":2,"377":2,"378":2,"379":1,"380":0,"381":1,"382":1,"383":1,"384":1,"385":3,"386":3,"387":3,"388":3,"389":3,"390":3,"391":3,"392":3,"393":3,"394":1,"395":1,"396":1,"397":1,"398":0,"399":1,"400":1,"401":1,"402":120,"403":1,"404":119,"405":119,"406":119,"407":1,"408":118,"409":0,"410":118,"411":6,"412":12,"413":120,"414":120},"f":{"0":6,"1":24,"2":218,"3":85,"4":194,"5":85,"6":0,"7":133,"8":73,"9":7,"10":0,"11":0,"12":5,"13":6,"14":5,"15":10,"16":2,"17":4,"18":1,"19":2,"20":5,"21":5,"22":2,"23":2,"24":1,"25":2,"26":1,"27":1,"28":2,"29":1,"30":1,"31":1,"32":4,"33":3,"34":4,"35":7,"36":7,"37":2,"38":4,"39":8,"40":2,"41":2,"42":3,"43":3,"44":0,"45":6,"46":5,"47":3,"48":6,"49":6,"50":0,"51":2,"52":2,"53":0,"54":1,"55":1,"56":1,"57":1,"58":120,"59":119,"60":6,"61":12,"62":120},"b":{"0":[2,83],"1":[2,83],"2":[85,0],"3":[0,0,0,0,0],"4":[73,7,5,6,5,5,2,2,2,1,4,4,7,4,2,3,1,0],"5":[1,72],"6":[1,6],"7":[2,4],"8":[6,4],"9":[2,0],"10":[0,0],"11":[0,0],"12":[0,0],"13":[0,0],"14":[0,0],"15":[0,0],"16":[0,0],"17":[1,4],"18":[1,3],"19":[1,2],"20":[3,3],"21":[5,1],"22":[6,6,5],"23":[0,5],"24":[0,5],"25":[5,5],"26":[5,0],"27":[2,3],"28":[2,0],"29":[2,0],"30":[1,1],"31":[1,1,1],"32":[1,0],"33":[1,4],"34":[1,3],"35":[1,2],"36":[1,4],"37":[1,3],"38":[1,1],"39":[1,1],"40":[0,1],"41":[1,1],"42":[0,1],"43":[0,1],"44":[0,1],"45":[1,3],"46":[3,0],"47":[1,3],"48":[3,1],"49":[1,2],"50":[0,7],"51":[1,1,1,1,1,1,1,0],"52":[1,0],"53":[1,0],"54":[2,2],"55":[1,1],"56":[1,1],"57":[1,0],"58":[1,1],"59":[1,0],"60":[1,0],"61":[1,0],"62":[1,1],"63":[1,0],"64":[0,2],"65":[0,2],"66":[2,0],"67":[0,3],"68":[0,3],"69":[0,0],"70":[0,0],"71":[0,0],"72":[0,0],"73":[1,2],"74":[2,1],"75":[2,1],"76":[1,0],"77":[2,1],"78":[0,1],"79":[1,119],"80":[1,118],"81":[0,118],"82":[6,6],"83":[6,6],"84":[2,118],"85":[2,116],"86":[0,120],"87":[0,120]},"meta":{"lastBranch":88,"lastFunction":63,"lastStatement":415,"seen":{"s:11:18:11:Infinity":0,"f:12:9:12:20":0,"s:13:2:17:Infinity":1,"f:20:9:20:27":1,"s:21:2:21:Infinity":2,"f:24:9:24:22":2,"s:25:2:25:Infinity":3,"f:28:9:28:29":3,"s:29:24:29:Infinity":4,"s:30:11:30:Infinity":5,"s:31:2:42:Infinity":6,"s:32:16:32:Infinity":7,"s:33:4:41:Infinity":8,"s:33:17:33:20":9,"s:34:6:40:Infinity":10,"s:44:2:47:Infinity":11,"s:44:15:44:33":12,"s:45:14:45:Infinity":13,"s:46:4:46:Infinity":14,"s:48:2:48:Infinity":15,"s:51:37:51:Infinity":16,"f:53:9:53:20":4,"s:54:2:70:Infinity":17,"f:75:16:75:35":5,"s:76:16:76:Infinity":18,"b:76:54:76:68:76:68:76:81":0,"s:77:20:77:Infinity":19,"b:77:48:77:78:77:78:77:Infinity":1,"s:78:21:78:Infinity":20,"b:78:21:78:56:78:56:78:Infinity":2,"s:80:28:80:Infinity":21,"s:81:2:83:Infinity":22,"s:81:15:81:18":23,"s:82:4:82:Infinity":24,"s:85:2:101:Infinity":25,"f:106:16:106:29":6,"b:108:4:108:Infinity:109:4:109:Infinity:110:4:110:Infinity:111:4:111:Infinity:112:4:112:Infinity":3,"s:107:2:113:Infinity":26,"s:108:21:108:Infinity":27,"s:109:19:109:Infinity":28,"s:110:23:110:Infinity":29,"s:111:19:111:Infinity":30,"s:112:13:112:Infinity":31,"f:118:16:118:Infinity":7,"s:123:12:123:Infinity":32,"b:126:4:127:Infinity:128:4:129:Infinity:130:4:131:Infinity:132:4:133:Infinity:134:4:135:Infinity:136:4:137:Infinity:138:4:139:Infinity:140:4:141:Infinity:142:4:143:Infinity:144:4:145:Infinity:146:4:147:Infinity:148:4:149:Infinity:150:4:151:Infinity:152:4:153:Infinity:154:4:155:Infinity:156:4:157:Infinity:158:4:159:Infinity:160:4:161:Infinity":4,"s:125:2:162:Infinity":33,"s:127:6:127:Infinity":34,"s:129:6:129:Infinity":35,"s:131:6:131:Infinity":36,"s:133:6:133:Infinity":37,"s:135:6:135:Infinity":38,"s:137:6:137:Infinity":39,"s:139:6:139:Infinity":40,"s:141:6:141:Infinity":41,"s:143:6:143:Infinity":42,"s:145:6:145:Infinity":43,"s:147:6:147:Infinity":44,"s:149:6:149:Infinity":45,"s:151:6:151:Infinity":46,"s:153:6:153:Infinity":47,"s:155:6:155:Infinity":48,"s:157:6:157:Infinity":49,"s:159:6:159:Infinity":50,"s:161:6:161:Infinity":51,"f:167:9:167:25":8,"b:168:2:170:Infinity:undefined:undefined:undefined:undefined":5,"s:168:2:170:Infinity":52,"s:169:4:169:Infinity":53,"s:171:2:171:Infinity":54,"s:172:2:172:Infinity":55,"s:173:2:173:Infinity":56,"s:174:2:174:Infinity":57,"f:177:9:177:24":9,"b:178:2:180:Infinity:undefined:undefined:undefined:undefined":6,"s:178:2:180:Infinity":58,"s:179:4:179:Infinity":59,"s:182:13:182:Infinity":60,"s:183:13:183:Infinity":61,"s:184:2:184:Infinity":62,"s:185:2:185:Infinity":63,"s:187:17:187:Infinity":64,"s:188:16:188:Infinity":65,"s:189:20:189:Infinity":66,"s:190:17:190:Infinity":67,"s:191:8:191:Infinity":68,"b:194:2:202:Infinity:undefined:undefined:undefined:undefined":7,"s:194:2:202:Infinity":69,"b:194:6:194:26:194:26:194:56":8,"b:196:4:201:Infinity:198:11:201:Infinity":9,"s:196:4:201:Infinity":70,"s:197:6:197:Infinity":71,"s:200:6:200:Infinity":72,"s:204:2:204:Infinity":73,"s:205:2:205:Infinity":74,"s:206:2:206:Infinity":75,"s:208:2:208:Infinity":76,"f:211:9:211:23":10,"s:212:15:212:Infinity":77,"b:214:2:216:Infinity:undefined:undefined:undefined:undefined":10,"s:214:2:216:Infinity":78,"s:215:4:215:Infinity":79,"b:218:2:220:Infinity:undefined:undefined:undefined:undefined":11,"s:218:2:220:Infinity":80,"s:219:4:219:Infinity":81,"b:222:2:225:Infinity:undefined:undefined:undefined:undefined":12,"s:222:2:225:Infinity":82,"s:224:4:224:Infinity":83,"f:228:9:228:18":11,"b:229:2:229:Infinity:undefined:undefined:undefined:undefined":13,"s:229:2:229:Infinity":84,"s:229:49:229:Infinity":85,"b:230:2:235:Infinity:undefined:undefined:undefined:undefined":14,"s:230:2:235:Infinity":86,"b:232:4:232:Infinity:undefined:undefined:undefined:undefined":15,"s:232:4:232:Infinity":87,"s:232:36:232:Infinity":88,"s:233:4:233:Infinity":89,"s:234:4:234:Infinity":90,"s:236:15:236:Infinity":91,"b:237:2:239:Infinity:undefined:undefined:undefined:undefined":16,"s:237:2:239:Infinity":92,"s:238:4:238:Infinity":93,"f:242:9:242:28":12,"s:243:17:243:Infinity":94,"s:244:15:244:Infinity":95,"b:246:2:248:Infinity:undefined:undefined:undefined:undefined":17,"s:246:2:248:Infinity":96,"s:247:4:247:Infinity":97,"b:249:2:251:Infinity:undefined:undefined:undefined:undefined":18,"s:249:2:251:Infinity":98,"s:250:4:250:Infinity":99,"b:252:2:254:Infinity:undefined:undefined:undefined:undefined":19,"s:252:2:254:Infinity":100,"b:252:6:252:36:252:36:252:70":20,"s:253:4:253:Infinity":101,"s:256:2:256:Infinity":102,"s:257:2:257:Infinity":103,"s:258:2:258:Infinity":104,"s:259:2:259:Infinity":105,"s:260:2:260:Infinity":106,"f:263:9:263:23":13,"s:264:17:264:Infinity":107,"s:265:15:265:Infinity":108,"b:268:2:272:Infinity:undefined:undefined:undefined:undefined":21,"s:268:2:272:Infinity":109,"b:268:6:268:35:268:35:268:58:268:58:268:84":22,"s:269:23:269:Infinity":110,"b:270:4:270:Infinity:undefined:undefined:undefined:undefined":23,"s:270:4:270:Infinity":111,"s:270:26:270:Infinity":112,"s:271:4:271:Infinity":113,"s:274:2:274:Infinity":114,"s:275:2:275:Infinity":115,"f:278:9:278:19":14,"s:279:16:279:Infinity":116,"f:279:31:279:36":15,"s:279:36:279:55":117,"b:280:2:280:Infinity:undefined:undefined:undefined:undefined":24,"s:280:2:280:Infinity":118,"b:280:6:280:16:280:16:280:32":25,"s:280:32:280:Infinity":119,"s:282:21:282:Infinity":120,"b:282:21:282:67:282:67:282:Infinity":26,"s:283:15:283:Infinity":121,"b:285:2:302:Infinity:undefined:undefined:undefined:undefined":27,"s:285:2:302:Infinity":122,"b:287:4:295:Infinity:undefined:undefined:undefined:undefined":28,"s:287:4:295:Infinity":123,"s:289:6:289:Infinity":124,"s:291:6:291:Infinity":125,"s:292:6:292:Infinity":126,"s:293:6:293:Infinity":127,"s:294:6:294:Infinity":128,"s:297:4:297:Infinity":129,"s:298:4:298:Infinity":130,"s:299:4:299:Infinity":131,"s:300:4:300:Infinity":132,"s:301:4:301:Infinity":133,"s:304:2:304:Infinity":134,"s:305:2:305:Infinity":135,"s:306:2:306:Infinity":136,"f:309:9:309:22":16,"s:310:16:310:Infinity":137,"f:310:33:310:38":17,"s:310:38:310:53":138,"b:311:2:323:Infinity:undefined:undefined:undefined:undefined":29,"s:311:2:323:Infinity":139,"s:312:4:312:Infinity":140,"s:313:4:313:Infinity":141,"b:314:4:322:Infinity:316:11:322:Infinity":30,"s:314:4:322:Infinity":142,"s:315:6:315:Infinity":143,"s:319:29:319:Infinity":144,"f:319:49:319:54":18,"s:319:54:319:120":145,"b:319:54:319:72:319:72:319:89:319:89:319:120":31,"s:320:20:320:Infinity":146,"f:320:35:320:36":19,"s:320:45:320:65":147,"s:321:6:321:Infinity":148,"b:321:17:321:30:321:30:321:Infinity":32,"f:326:9:326:21":20,"s:327:17:327:Infinity":149,"s:328:15:328:Infinity":150,"b:330:2:332:Infinity:undefined:undefined:undefined:undefined":33,"s:330:2:332:Infinity":151,"s:331:4:331:Infinity":152,"b:333:2:335:Infinity:undefined:undefined:undefined:undefined":34,"s:333:2:335:Infinity":153,"s:334:4:334:Infinity":154,"s:337:15:337:Infinity":155,"b:338:2:340:Infinity:undefined:undefined:undefined:undefined":35,"s:338:2:340:Infinity":156,"s:339:4:339:Infinity":157,"s:342:2:342:Infinity":158,"s:343:2:343:Infinity":159,"s:344:2:344:Infinity":160,"f:347:9:347:23":21,"b:348:2:350:Infinity:undefined:undefined:undefined:undefined":36,"s:348:2:350:Infinity":161,"s:349:4:349:Infinity":162,"s:352:17:352:Infinity":163,"s:353:19:353:Infinity":164,"s:354:20:354:Infinity":165,"b:356:2:358:Infinity:undefined:undefined:undefined:undefined":37,"s:356:2:358:Infinity":166,"s:357:4:357:Infinity":167,"s:360:2:360:Infinity":168,"s:361:2:363:Infinity":169,"s:361:15:361:18":170,"s:362:4:362:Infinity":171,"s:364:2:364:Infinity":172,"f:367:9:367:28":22,"s:368:17:368:Infinity":173,"s:370:2:375:Infinity":174,"s:371:16:371:Infinity":175,"f:371:45:371:50":23,"s:371:50:371:61":176,"b:372:4:374:Infinity:undefined:undefined:undefined:undefined":38,"s:372:4:374:Infinity":177,"s:373:6:373:Infinity":178,"s:377:2:381:Infinity":179,"s:378:16:378:Infinity":180,"f:378:45:378:50":24,"s:378:50:378:61":181,"s:379:19:379:Infinity":182,"s:380:4:380:Infinity":183,"s:382:2:382:Infinity":184,"f:385:9:385:30":25,"s:386:17:386:Infinity":185,"s:387:15:387:Infinity":186,"b:389:2:391:Infinity:undefined:undefined:undefined:undefined":39,"s:389:2:391:Infinity":187,"s:390:4:390:Infinity":188,"s:393:2:398:Infinity":189,"s:394:16:394:Infinity":190,"f:394:45:394:50":26,"s:394:50:394:61":191,"b:395:4:397:Infinity:undefined:undefined:undefined:undefined":40,"s:395:4:397:Infinity":192,"s:396:6:396:Infinity":193,"s:400:2:404:Infinity":194,"s:401:16:401:Infinity":195,"f:401:45:401:50":27,"s:401:50:401:61":196,"s:402:19:402:Infinity":197,"s:403:4:403:Infinity":198,"s:405:2:405:Infinity":199,"f:408:9:408:34":28,"s:409:17:409:Infinity":200,"s:410:15:410:Infinity":201,"b:412:2:414:Infinity:undefined:undefined:undefined:undefined":41,"s:412:2:414:Infinity":202,"s:413:4:413:Infinity":203,"s:416:2:423:Infinity":204,"s:417:16:417:Infinity":205,"f:417:44:417:49":29,"s:417:49:417:60":206,"b:418:4:420:Infinity:undefined:undefined:undefined:undefined":42,"s:418:4:420:Infinity":207,"s:419:6:419:Infinity":208,"s:421:19:421:Infinity":209,"s:422:4:422:Infinity":210,"s:424:2:424:Infinity":211,"f:427:9:427:32":30,"s:428:17:428:Infinity":212,"s:429:15:429:Infinity":213,"b:431:2:433:Infinity:undefined:undefined:undefined:undefined":43,"s:431:2:433:Infinity":214,"s:432:4:432:Infinity":215,"s:435:2:442:Infinity":216,"s:436:16:436:Infinity":217,"f:436:40:436:45":31,"s:436:45:436:56":218,"b:437:4:439:Infinity:undefined:undefined:undefined:undefined":44,"s:437:4:439:Infinity":219,"s:438:6:438:Infinity":220,"s:440:19:440:Infinity":221,"s:441:4:441:Infinity":222,"s:443:2:443:Infinity":223,"f:446:9:446:29":32,"s:447:17:447:Infinity":224,"s:448:15:448:Infinity":225,"b:450:2:452:Infinity:undefined:undefined:undefined:undefined":45,"s:450:2:452:Infinity":226,"s:451:4:451:Infinity":227,"s:455:20:455:Infinity":228,"b:455:32:455:53:455:53:455:58":46,"s:456:2:456:Infinity":229,"s:459:2:459:Infinity":230,"s:460:2:460:Infinity":231,"s:463:2:463:Infinity":232,"s:464:2:464:Infinity":233,"s:465:2:465:Infinity":234,"f:465:59:465:64":33,"s:465:64:465:79":235,"s:467:2:467:Infinity":236,"f:470:9:470:29":34,"b:472:2:476:Infinity:undefined:undefined:undefined:undefined":47,"s:472:2:476:Infinity":237,"s:473:4:473:Infinity":238,"s:474:4:474:Infinity":239,"s:475:4:475:Infinity":240,"s:479:22:479:Infinity":241,"s:480:6:480:Infinity":242,"s:481:18:481:Infinity":243,"s:482:2:485:Infinity":244,"b:482:9:482:44:482:44:482:69":48,"s:483:4:483:Infinity":245,"s:484:4:484:Infinity":246,"b:488:2:490:Infinity:undefined:undefined:undefined:undefined":49,"s:488:2:490:Infinity":247,"s:489:4:489:Infinity":248,"s:492:2:492:Infinity":249,"s:493:2:493:Infinity":250,"s:494:2:494:Infinity":251,"f:497:9:497:24":35,"s:498:17:498:Infinity":252,"s:499:18:499:Infinity":253,"f:499:40:499:45":36,"s:499:45:499:60":254,"b:500:2:502:Infinity:undefined:undefined:undefined:undefined":50,"s:500:2:502:Infinity":255,"s:501:4:501:Infinity":256,"s:504:15:504:Infinity":257,"b:507:4:509:Infinity:511:4:513:Infinity:515:4:521:Infinity:523:4:525:Infinity:527:4:533:Infinity:535:4:540:Infinity:542:4:547:Infinity:549:4:550:Infinity":51,"s:506:2:551:Infinity":258,"s:508:6:508:Infinity":259,"s:509:6:509:Infinity":260,"s:512:6:512:Infinity":261,"s:513:6:513:Infinity":262,"s:516:27:516:Infinity":263,"f:516:42:516:47":37,"s:516:47:516:62":264,"b:517:6:519:Infinity:undefined:undefined:undefined:undefined":52,"s:517:6:519:Infinity":265,"s:518:8:518:Infinity":266,"s:520:6:520:Infinity":267,"s:524:6:524:Infinity":268,"s:525:6:525:Infinity":269,"s:528:22:528:Infinity":270,"b:529:6:531:Infinity:undefined:undefined:undefined:undefined":53,"s:529:6:531:Infinity":271,"s:530:8:530:Infinity":272,"s:532:6:532:Infinity":273,"s:536:25:536:Infinity":274,"s:537:6:537:Infinity":275,"s:538:6:538:Infinity":276,"s:539:6:539:Infinity":277,"s:543:22:543:Infinity":278,"s:544:6:544:Infinity":279,"s:545:6:545:Infinity":280,"s:546:6:546:Infinity":281,"s:550:6:550:Infinity":282,"s:554:2:554:Infinity":283,"s:555:2:555:Infinity":284,"s:556:2:556:Infinity":285,"f:559:9:559:28":38,"s:560:17:560:Infinity":286,"s:561:15:561:Infinity":287,"s:562:16:562:Infinity":288,"f:562:31:562:36":39,"s:562:36:562:55":289,"b:564:2:586:Infinity:undefined:undefined:undefined:undefined":54,"s:564:2:586:Infinity":290,"b:565:4:567:Infinity:undefined:undefined:undefined:undefined":55,"s:565:4:567:Infinity":291,"s:566:6:566:Infinity":292,"s:569:4:583:Infinity":293,"s:584:4:584:Infinity":294,"s:585:4:585:Infinity":295,"b:588:2:599:Infinity:undefined:undefined:undefined:undefined":56,"s:588:2:599:Infinity":296,"b:590:4:595:Infinity:undefined:undefined:undefined:undefined":57,"s:590:4:595:Infinity":297,"b:590:8:590:25:590:25:590:32":58,"s:591:25:591:Infinity":298,"b:591:25:591:71:591:71:591:Infinity":59,"s:592:19:592:Infinity":299,"s:593:6:593:Infinity":300,"s:594:6:594:Infinity":301,"s:596:4:596:Infinity":302,"s:597:4:597:Infinity":303,"s:598:4:598:Infinity":304,"b:601:2:612:Infinity:undefined:undefined:undefined:undefined":60,"s:601:2:612:Infinity":305,"b:603:4:608:Infinity:undefined:undefined:undefined:undefined":61,"s:603:4:608:Infinity":306,"b:603:8:603:25:603:25:603:32":62,"s:604:25:604:Infinity":307,"b:604:25:604:71:604:71:604:Infinity":63,"s:605:19:605:Infinity":308,"s:606:6:606:Infinity":309,"s:607:6:607:Infinity":310,"s:609:4:609:Infinity":311,"s:610:4:610:Infinity":312,"s:611:4:611:Infinity":313,"s:614:2:614:Infinity":314,"f:617:9:617:30":40,"b:618:2:620:Infinity:undefined:undefined:undefined:undefined":64,"s:618:2:620:Infinity":315,"s:619:4:619:Infinity":316,"s:622:17:622:Infinity":317,"s:623:18:623:Infinity":318,"f:623:40:623:45":41,"s:623:45:623:60":319,"b:624:2:626:Infinity:undefined:undefined:undefined:undefined":65,"s:624:2:626:Infinity":320,"s:625:4:625:Infinity":321,"s:628:15:628:Infinity":322,"s:629:2:629:Infinity":323,"b:631:2:635:Infinity:633:9:635:Infinity":66,"s:631:2:635:Infinity":324,"s:632:4:632:Infinity":325,"s:634:4:634:Infinity":326,"s:637:2:637:Infinity":327,"f:640:9:640:27":42,"b:641:2:643:Infinity:undefined:undefined:undefined:undefined":67,"s:641:2:643:Infinity":328,"s:642:4:642:Infinity":329,"s:645:17:645:Infinity":330,"s:646:19:646:Infinity":331,"f:646:34:646:39":43,"s:646:39:646:65":332,"s:647:15:647:Infinity":333,"s:650:26:650:Infinity":334,"b:651:2:653:Infinity:undefined:undefined:undefined:undefined":68,"s:651:2:653:Infinity":335,"f:651:32:651:37":44,"s:651:37:651:65":336,"s:652:4:652:Infinity":337,"s:654:23:654:Infinity":338,"f:654:65:654:71":45,"s:654:71:654:80":339,"s:655:23:655:Infinity":340,"s:658:28:658:Infinity":341,"f:658:55:658:56":46,"s:658:67:658:88":342,"s:659:28:659:Infinity":343,"f:659:49:659:50":47,"s:659:61:659:82":344,"s:662:26:662:Infinity":345,"s:663:2:666:Infinity":346,"b:664:4:664:Infinity:undefined:undefined:undefined:undefined":69,"s:664:4:664:Infinity":347,"s:664:32:664:Infinity":348,"b:665:4:665:Infinity:undefined:undefined:undefined:undefined":70,"s:665:4:665:Infinity":349,"s:665:37:665:Infinity":350,"s:667:26:667:Infinity":351,"s:668:2:671:Infinity":352,"b:669:4:669:Infinity:undefined:undefined:undefined:undefined":71,"s:669:4:669:Infinity":353,"s:669:32:669:Infinity":354,"b:670:4:670:Infinity:undefined:undefined:undefined:undefined":72,"s:670:4:670:Infinity":355,"s:670:37:670:Infinity":356,"s:673:26:673:Infinity":357,"f:673:46:673:47":48,"s:673:56:673:63":358,"s:674:26:674:Infinity":359,"f:674:46:674:47":49,"s:674:56:674:63":360,"s:676:22:676:Infinity":361,"s:677:22:677:Infinity":362,"b:680:2:684:Infinity:undefined:undefined:undefined:undefined":73,"s:680:2:684:Infinity":363,"s:681:4:681:Infinity":364,"s:682:4:682:Infinity":365,"s:683:4:683:Infinity":366,"s:687:17:687:Infinity":367,"b:687:49:687:67:687:67:687:Infinity":74,"s:690:15:690:Infinity":368,"s:691:20:691:Infinity":369,"b:691:32:691:36:691:36:691:Infinity":75,"b:691:48:691:52:691:52:691:Infinity":76,"s:693:31:693:Infinity":370,"s:694:31:694:Infinity":371,"b:696:2:706:Infinity:701:9:706:Infinity":77,"s:696:2:706:Infinity":372,"s:698:19:698:Infinity":373,"f:698:43:698:44":50,"s:698:53:698:82":374,"s:699:4:699:Infinity":375,"s:700:4:700:Infinity":376,"f:700:41:700:46":51,"s:700:46:700:86":377,"f:700:67:700:72":52,"s:700:72:700:85":378,"s:703:19:703:Infinity":379,"f:703:49:703:50":53,"s:703:59:703:88":380,"s:704:4:704:Infinity":381,"s:705:4:705:Infinity":382,"f:705:53:705:58":54,"s:705:58:705:98":383,"f:705:79:705:84":55,"s:705:84:705:97":384,"s:708:2:708:Infinity":385,"s:709:2:709:Infinity":386,"s:710:2:710:Infinity":387,"s:711:2:711:Infinity":388,"s:712:2:712:Infinity":389,"s:713:2:713:Infinity":390,"s:714:2:714:Infinity":391,"s:715:2:715:Infinity":392,"s:717:2:717:Infinity":393,"f:720:9:720:27":56,"s:721:17:721:Infinity":394,"s:722:18:722:Infinity":395,"f:722:40:722:45":57,"s:722:45:722:60":396,"b:723:2:725:Infinity:undefined:undefined:undefined:undefined":78,"s:723:2:725:Infinity":397,"s:724:4:724:Infinity":398,"s:726:17:726:Infinity":399,"s:727:2:727:Infinity":400,"s:728:2:728:Infinity":401,"f:785:9:785:30":58,"b:786:2:786:Infinity:undefined:undefined:undefined:undefined":79,"s:786:2:786:Infinity":402,"s:786:31:786:Infinity":403,"s:787:17:787:Infinity":404,"f:787:36:787:41":59,"s:787:41:787:58":405,"b:788:2:788:Infinity:undefined:undefined:undefined:undefined":80,"s:788:2:788:Infinity":406,"s:788:54:788:Infinity":407,"b:789:2:789:Infinity:undefined:undefined:undefined:undefined":81,"s:789:2:789:Infinity":408,"s:789:51:789:Infinity":409,"s:790:2:790:Infinity":410,"f:793:16:793:33":60,"s:794:2:843:Infinity":411,"f:803:31:803:37":61,"s:803:37:820:6":412,"b:811:39:811:55:811:55:811:Infinity":82,"b:813:32:813:41:813:41:813:Infinity":83,"f:821:27:821:35":62,"s:822:21:822:Infinity":413,"s:823:6:836:Infinity":414,"b:832:27:832:44:832:44:832:Infinity":84,"b:832:71:832:91:832:91:832:Infinity":85,"b:834:55:834:74:834:74:834:Infinity":86,"b:835:57:835:78:835:78:835:Infinity":87}}}
,"D:\\king-of-war\\shared\\constants.ts": {"path":"D:\\king-of-war\\shared\\constants.ts","statementMap":{"0":{"start":{"line":3,"column":78},"end":{"line":7,"column":null}},"1":{"start":{"line":9,"column":23},"end":{"line":20,"column":null}},"2":{"start":{"line":22,"column":58},"end":{"line":34,"column":null}},"3":{"start":{"line":36,"column":113},"end":{"line":48,"column":null}},"4":{"start":{"line":51,"column":2},"end":{"line":56,"column":null}},"5":{"start":{"line":59,"column":37},"end":{"line":80,"column":null}},"6":{"start":{"line":82,"column":35},"end":{"line":93,"column":null}}},"fnMap":{"0":{"name":"makeTile","decl":{"start":{"line":50,"column":9},"end":{"line":50,"column":18}},"loc":{"start":{"line":50,"column":111},"end":{"line":57,"column":null}},"line":50}},"branchMap":{},"s":{"0":6,"1":6,"2":6,"3":6,"4":180,"5":6,"6":6},"f":{"0":180},"b":{},"meta":{"lastBranch":0,"lastFunction":1,"lastStatement":7,"seen":{"s:3:78:7:Infinity":0,"s:9:23:20:Infinity":1,"s:22:58:34:Infinity":2,"s:36:113:48:Infinity":3,"f:50:9:50:18":0,"s:51:2:56:Infinity":4,"s:59:37:80:Infinity":5,"s:82:35:93:Infinity":6}}}
}
